<?xml version="1.0" encoding="utf-8"?>
<CoverageSession xmlns:xsd="http://www.w3.org/2001/XMLSchema" xmlns:xsi="http://www.w3.org/2001/XMLSchema-instance" Version="4.7.922.0">
  <Summary numSequencePoints="372" visitedSequencePoints="289" numBranchPoints="247" visitedBranchPoints="151" sequenceCoverage="77.69" branchCoverage="61.13" maxCyclomaticComplexity="9" minCyclomaticComplexity="1" maxCrapScore="20" minCrapScore="1" visitedClasses="46" numClasses="59" visitedMethods="102" numMethods="149" />
  <Modules>
    <Module skippedDueTo="Filter" hash="19-DB-E7-26-74-3E-B8-3C-B9-3E-89-49-9F-20-99-D9-CF-23-FD-17">
      <ModulePath>C:\Program Files\dotnet\shared\Microsoft.NETCore.App\3.1.3\System.Private.CoreLib.dll</ModulePath>
      <ModuleTime>2020-02-18T21:16:14Z</ModuleTime>
      <ModuleName>System.Private.CoreLib</ModuleName>
      <Classes />
    </Module>
    <Module skippedDueTo="MissingPdb" hash="5C-D3-E5-60-AC-A8-D6-45-77-6C-59-CA-FE-F1-49-32-B4-41-29-2D">
      <ModulePath>C:\Program Files\dotnet\sdk\3.1.201\dotnet.dll</ModulePath>
      <ModuleTime>2020-03-18T16:44:30Z</ModuleTime>
      <ModuleName>dotnet</ModuleName>
      <Classes />
    </Module>
    <Module skippedDueTo="Filter" hash="45-AE-FF-2D-9F-D9-14-AE-5E-58-BC-AD-59-3F-6B-E0-C7-F9-45-CA">
      <ModulePath>C:\Program Files\dotnet\shared\Microsoft.NETCore.App\3.1.3\System.Runtime.dll</ModulePath>
      <ModuleTime>2020-02-28T20:04:40Z</ModuleTime>
      <ModuleName>System.Runtime</ModuleName>
      <Classes />
    </Module>
    <Module skippedDueTo="MissingPdb" hash="D2-6E-C4-85-DC-1F-C3-EB-0C-2E-07-EA-F9-33-C9-A6-25-57-E7-D6">
      <ModulePath>C:\Program Files\dotnet\sdk\3.1.201\Microsoft.DotNet.Cli.Utils.dll</ModulePath>
      <ModuleTime>2020-03-18T16:44:38Z</ModuleTime>
      <ModuleName>Microsoft.DotNet.Cli.Utils</ModuleName>
      <Classes />
    </Module>
    <Module skippedDueTo="Filter" hash="B8-01-4B-08-49-01-14-1F-52-C1-06-1B-E1-C4-DA-8C-8C-15-88-14">
      <ModulePath>C:\Program Files\dotnet\shared\Microsoft.NETCore.App\3.1.3\System.Runtime.Extensions.dll</ModulePath>
      <ModuleTime>2020-02-28T20:04:36Z</ModuleTime>
      <ModuleName>System.Runtime.Extensions</ModuleName>
      <Classes />
    </Module>
    <Module skippedDueTo="Filter" hash="3D-ED-2E-29-0D-BD-86-B5-75-96-FF-B0-C8-9D-AD-4E-5B-94-58-57">
      <ModulePath>C:\Program Files\dotnet\shared\Microsoft.NETCore.App\3.1.3\System.Runtime.Loader.dll</ModulePath>
      <ModuleTime>2020-02-28T20:04:36Z</ModuleTime>
      <ModuleName>System.Runtime.Loader</ModuleName>
      <Classes />
    </Module>
    <Module skippedDueTo="MissingPdb" hash="1E-D4-CD-15-2C-94-E4-C6-19-88-4A-EC-70-23-9C-38-12-8A-35-87">
      <ModulePath>C:\Program Files\dotnet\sdk\3.1.201\Microsoft.DotNet.PlatformAbstractions.dll</ModulePath>
      <ModuleTime>2020-03-18T16:44:38Z</ModuleTime>
      <ModuleName>Microsoft.DotNet.PlatformAbstractions</ModuleName>
      <Classes />
    </Module>
    <Module skippedDueTo="MissingPdb" hash="08-0A-47-0B-10-27-7A-98-D6-A5-5B-EC-1C-35-91-93-AB-C0-35-65">
      <ModulePath>C:\Program Files\dotnet\shared\Microsoft.NETCore.App\3.1.3\netstandard.dll</ModulePath>
      <ModuleTime>2020-02-28T20:05:24Z</ModuleTime>
      <ModuleName>netstandard</ModuleName>
      <Classes />
    </Module>
    <Module skippedDueTo="Filter" hash="26-14-D7-B5-EB-43-C2-76-01-4F-01-5E-7B-A4-CE-E9-EB-E3-AA-B9">
      <ModulePath>C:\Program Files\dotnet\shared\Microsoft.NETCore.App\3.1.3\System.Runtime.InteropServices.RuntimeInformation.dll</ModulePath>
      <ModuleTime>2020-02-28T20:04:36Z</ModuleTime>
      <ModuleName>System.Runtime.InteropServices.RuntimeInformation</ModuleName>
      <Classes />
    </Module>
    <Module skippedDueTo="Filter" hash="A6-81-2A-5B-4A-3D-C8-4D-49-04-DE-1F-DF-02-7C-B4-43-51-DE-1C">
      <ModulePath>C:\Program Files\dotnet\shared\Microsoft.NETCore.App\3.1.3\System.IO.FileSystem.dll</ModulePath>
      <ModuleTime>2020-02-28T20:06:08Z</ModuleTime>
      <ModuleName>System.IO.FileSystem</ModuleName>
      <Classes />
    </Module>
    <Module skippedDueTo="Filter" hash="B9-08-B2-09-3C-61-2C-3E-62-03-05-65-93-6A-84-E5-2C-0D-A7-F4">
      <ModulePath>C:\Program Files\dotnet\shared\Microsoft.NETCore.App\3.1.3\System.Runtime.InteropServices.dll</ModulePath>
      <ModuleTime>2020-02-28T20:04:34Z</ModuleTime>
      <ModuleName>System.Runtime.InteropServices</ModuleName>
      <Classes />
    </Module>
    <Module skippedDueTo="Filter" hash="AF-4F-3B-E9-D2-80-A0-2E-91-5B-AF-17-34-A9-F1-A6-32-C4-EC-4E">
      <ModulePath>C:\Program Files\dotnet\shared\Microsoft.NETCore.App\3.1.3\System.Memory.dll</ModulePath>
      <ModuleTime>2020-02-28T20:06:08Z</ModuleTime>
      <ModuleName>System.Memory</ModuleName>
      <Classes />
    </Module>
    <Module skippedDueTo="Filter" hash="9C-68-F9-D9-5D-09-7B-AC-36-D7-6D-25-3D-17-F3-72-E5-1A-87-F0">
      <ModulePath>C:\Program Files\dotnet\shared\Microsoft.NETCore.App\3.1.3\System.Threading.dll</ModulePath>
      <ModuleTime>2020-02-28T20:05:06Z</ModuleTime>
      <ModuleName>System.Threading</ModuleName>
      <Classes />
    </Module>
    <Module skippedDueTo="Filter" hash="BF-BC-9F-90-71-42-03-E3-AC-AA-D2-39-9E-84-5C-00-62-70-39-BA">
      <ModulePath>C:\Program Files\dotnet\shared\Microsoft.NETCore.App\3.1.3\System.Text.Encoding.CodePages.dll</ModulePath>
      <ModuleTime>2020-02-28T20:04:46Z</ModuleTime>
      <ModuleName>System.Text.Encoding.CodePages</ModuleName>
      <Classes />
    </Module>
    <Module skippedDueTo="Filter" hash="8B-E9-5A-2E-CC-DB-5C-E1-03-05-BA-E1-31-A9-9D-6F-18-10-50-AA">
      <ModulePath>C:\Program Files\dotnet\shared\Microsoft.NETCore.App\3.1.3\System.Collections.dll</ModulePath>
      <ModuleTime>2020-02-28T20:05:28Z</ModuleTime>
      <ModuleName>System.Collections</ModuleName>
      <Classes />
    </Module>
    <Module skippedDueTo="Filter" hash="8F-A1-95-7C-65-A0-95-11-53-8D-DF-11-6D-3C-AD-5D-AE-2F-D3-73">
      <ModulePath>C:\Program Files\dotnet\shared\Microsoft.NETCore.App\3.1.3\System.Collections.Concurrent.dll</ModulePath>
      <ModuleTime>2020-02-28T20:05:24Z</ModuleTime>
      <ModuleName>System.Collections.Concurrent</ModuleName>
      <Classes />
    </Module>
    <Module skippedDueTo="Filter" hash="A3-6E-3F-5C-23-E9-CE-D4-59-A4-79-82-3A-A2-A6-D2-A6-37-0E-C2">
      <ModulePath>C:\Program Files\dotnet\shared\Microsoft.NETCore.App\3.1.3\System.Threading.Thread.dll</ModulePath>
      <ModuleTime>2020-02-28T20:04:24Z</ModuleTime>
      <ModuleName>System.Threading.Thread</ModuleName>
      <Classes />
    </Module>
    <Module skippedDueTo="MissingPdb" hash="38-09-CE-F2-E5-95-B5-A8-49-DB-F2-B2-FC-2A-62-56-4F-D2-91-39">
      <ModulePath>C:\Program Files\dotnet\sdk\3.1.201\Microsoft.DotNet.Configurer.dll</ModulePath>
      <ModuleTime>2020-03-18T16:44:38Z</ModuleTime>
      <ModuleName>Microsoft.DotNet.Configurer</ModuleName>
      <Classes />
    </Module>
    <Module skippedDueTo="MissingPdb" hash="92-1F-FF-56-13-04-47-E6-38-08-43-E5-EA-24-FA-0D-43-16-F9-E2">
      <ModulePath>C:\Program Files\dotnet\sdk\3.1.201\Microsoft.DotNet.Cli.CommandLine.dll</ModulePath>
      <ModuleTime>2020-03-18T16:44:42Z</ModuleTime>
      <ModuleName>Microsoft.DotNet.Cli.CommandLine</ModuleName>
      <Classes />
    </Module>
    <Module skippedDueTo="Filter" hash="4D-33-53-11-50-36-83-92-2B-29-8C-5A-FA-19-EF-5A-D4-AA-32-80">
      <ModulePath>C:\Program Files\dotnet\shared\Microsoft.NETCore.App\3.1.3\System.Diagnostics.Process.dll</ModulePath>
      <ModuleTime>2020-02-28T20:05:38Z</ModuleTime>
      <ModuleName>System.Diagnostics.Process</ModuleName>
      <Classes />
    </Module>
    <Module skippedDueTo="MissingPdb" hash="A6-34-21-D2-ED-90-2B-0C-6B-31-85-04-D0-F6-D6-13-31-C9-61-F8">
      <ModulePath>C:\Program Files\dotnet\sdk\3.1.201\Microsoft.DotNet.InternalAbstractions.dll</ModulePath>
      <ModuleTime>2020-03-18T16:44:40Z</ModuleTime>
      <ModuleName>Microsoft.DotNet.InternalAbstractions</ModuleName>
      <Classes />
    </Module>
    <Module skippedDueTo="Filter" hash="33-87-51-E6-2F-8C-BE-1D-5B-B2-9E-51-10-1B-05-40-2C-E3-E8-1A">
      <ModulePath>C:\Program Files\dotnet\shared\Microsoft.NETCore.App\3.1.3\System.Linq.dll</ModulePath>
      <ModuleTime>2020-02-28T20:06:40Z</ModuleTime>
      <ModuleName>System.Linq</ModuleName>
      <Classes />
    </Module>
    <Module skippedDueTo="MissingPdb" hash="43-64-EE-FB-2B-CB-04-44-D6-D5-68-E6-00-03-CA-34-D9-9A-35-C6">
      <ModulePath>C:\Program Files\dotnet\sdk\3.1.201\NuGet.Frameworks.dll</ModulePath>
      <ModuleTime>2020-03-18T16:45:24Z</ModuleTime>
      <ModuleName>NuGet.Frameworks</ModuleName>
      <Classes />
    </Module>
    <Module skippedDueTo="Filter" hash="32-5D-5E-82-60-49-7F-5D-44-D4-1E-BF-57-95-6F-D8-30-A6-C2-E1">
      <ModulePath>C:\Program Files\dotnet\shared\Microsoft.NETCore.App\3.1.3\System.Console.dll</ModulePath>
      <ModuleTime>2020-02-28T20:05:30Z</ModuleTime>
      <ModuleName>System.Console</ModuleName>
      <Classes />
    </Module>
    <Module skippedDueTo="Filter" hash="4E-96-5A-FC-C0-BE-6F-D4-A5-9C-B4-F8-33-D5-85-D1-B9-07-9F-89">
      <ModulePath>C:\Program Files\dotnet\shared\Microsoft.NETCore.App\3.1.3\System.Text.Encoding.Extensions.dll</ModulePath>
      <ModuleTime>2020-02-28T20:04:44Z</ModuleTime>
      <ModuleName>System.Text.Encoding.Extensions</ModuleName>
      <Classes />
    </Module>
    <Module skippedDueTo="Filter" hash="F0-C5-75-3F-22-17-B9-2C-E6-C3-3C-A7-4D-EE-AF-C8-FF-35-92-AC">
      <ModulePath>C:\Program Files\dotnet\shared\Microsoft.NETCore.App\3.1.3\System.Runtime.CompilerServices.Unsafe.dll</ModulePath>
      <ModuleTime>2020-02-28T20:04:34Z</ModuleTime>
      <ModuleName>System.Runtime.CompilerServices.Unsafe</ModuleName>
      <Classes />
    </Module>
    <Module skippedDueTo="MissingPdb" hash="DD-89-83-66-26-E0-B9-BF-DD-51-53-00-1B-5A-80-96-5A-0A-01-79">
      <ModulePath>C:\Program Files\dotnet\sdk\3.1.201\Microsoft.ApplicationInsights.dll</ModulePath>
      <ModuleTime>2020-03-18T16:45:02Z</ModuleTime>
      <ModuleName>Microsoft.ApplicationInsights</ModuleName>
      <Classes />
    </Module>
    <Module skippedDueTo="Filter" hash="08-F9-21-BB-3C-07-A4-DA-5A-43-89-51-EB-E0-A4-B9-2F-19-F6-7D">
      <ModulePath>C:\Program Files\dotnet\shared\Microsoft.NETCore.App\3.1.3\System.Security.Cryptography.Algorithms.dll</ModulePath>
      <ModuleTime>2020-02-28T20:04:40Z</ModuleTime>
      <ModuleName>System.Security.Cryptography.Algorithms</ModuleName>
      <Classes />
    </Module>
    <Module skippedDueTo="Filter" hash="55-8E-C2-A5-09-4D-3F-8C-11-59-AB-41-D5-05-B5-7B-8D-3A-AA-6E">
      <ModulePath>C:\Program Files\dotnet\shared\Microsoft.NETCore.App\3.1.3\System.Security.Cryptography.Primitives.dll</ModulePath>
      <ModuleTime>2020-02-28T20:04:42Z</ModuleTime>
      <ModuleName>System.Security.Cryptography.Primitives</ModuleName>
      <Classes />
    </Module>
    <Module skippedDueTo="Filter" hash="CE-43-2B-40-C0-FF-2C-68-D3-CF-AF-49-07-37-DC-D7-AA-AB-17-F3">
      <ModulePath>C:\Program Files\dotnet\shared\Microsoft.NETCore.App\3.1.3\System.Buffers.dll</ModulePath>
      <ModuleTime>2020-02-28T20:05:26Z</ModuleTime>
      <ModuleName>System.Buffers</ModuleName>
      <Classes />
    </Module>
    <Module skippedDueTo="MissingPdb" hash="AB-8D-BE-78-8D-87-D4-81-9F-34-C0-7E-08-39-0F-DB-91-CE-92-49">
      <ModulePath>C:\Program Files\dotnet\sdk\3.1.201\Microsoft.TemplateEngine.Cli.dll</ModulePath>
      <ModuleTime>2020-03-18T16:44:46Z</ModuleTime>
      <ModuleName>Microsoft.TemplateEngine.Cli</ModuleName>
      <Classes />
    </Module>
    <Module skippedDueTo="Filter" hash="D5-0A-67-87-14-54-BA-3A-F2-2A-2A-B8-15-CE-D1-74-51-44-E5-FC">
      <ModulePath>C:\Program Files\dotnet\shared\Microsoft.NETCore.App\3.1.3\System.Private.Uri.dll</ModulePath>
      <ModuleTime>2020-02-28T20:04:26Z</ModuleTime>
      <ModuleName>System.Private.Uri</ModuleName>
      <Classes />
    </Module>
    <Module skippedDueTo="Filter" hash="57-E8-B3-F8-DB-88-F2-FB-81-BE-34-C3-AD-1E-D4-F0-DD-F0-59-D3">
      <ModulePath>C:\Program Files\dotnet\shared\Microsoft.NETCore.App\3.1.3\System.Resources.ResourceManager.dll</ModulePath>
      <ModuleTime>2020-02-28T20:04:32Z</ModuleTime>
      <ModuleName>System.Resources.ResourceManager</ModuleName>
      <Classes />
    </Module>
    <Module skippedDueTo="Filter" hash="70-58-B8-D8-D1-66-CB-C6-C4-F9-5F-80-03-7C-74-A2-D8-CA-6A-98">
      <ModulePath>C:\Program Files\dotnet\shared\Microsoft.NETCore.App\3.1.3\System.Reflection.Extensions.dll</ModulePath>
      <ModuleTime>2020-02-28T20:04:28Z</ModuleTime>
      <ModuleName>System.Reflection.Extensions</ModuleName>
      <Classes />
    </Module>
    <Module skippedDueTo="Filter" hash="08-4C-1D-C3-E8-DB-38-EA-0D-64-CB-BD-58-BC-F2-B0-E2-99-42-93">
      <ModulePath>C:\Program Files\dotnet\shared\Microsoft.NETCore.App\3.1.3\System.Reflection.dll</ModulePath>
      <ModuleTime>2020-02-28T20:04:28Z</ModuleTime>
      <ModuleName>System.Reflection</ModuleName>
      <Classes />
    </Module>
    <Module skippedDueTo="Filter" hash="4B-5A-EC-05-10-C3-65-A3-7C-C5-D4-52-0E-41-A4-1F-73-88-F9-01">
      <ModulePath>C:\Program Files\dotnet\shared\Microsoft.NETCore.App\3.1.3\System.Xml.XDocument.dll</ModulePath>
      <ModuleTime>2020-02-28T20:04:28Z</ModuleTime>
      <ModuleName>System.Xml.XDocument</ModuleName>
      <Classes />
    </Module>
    <Module skippedDueTo="Filter" hash="68-1D-85-11-BD-EC-60-7F-F2-E8-83-FF-C6-D8-D9-CB-28-C8-8B-2A">
      <ModulePath>C:\Program Files\dotnet\shared\Microsoft.NETCore.App\3.1.3\System.Private.Xml.Linq.dll</ModulePath>
      <ModuleTime>2020-02-28T20:04:30Z</ModuleTime>
      <ModuleName>System.Private.Xml.Linq</ModuleName>
      <Classes />
    </Module>
    <Module skippedDueTo="Filter" hash="1F-BD-6F-06-01-11-FA-A9-DB-0B-12-95-1E-A0-B6-62-C2-59-ED-05">
      <ModulePath>C:\Program Files\dotnet\shared\Microsoft.NETCore.App\3.1.3\System.Private.Xml.dll</ModulePath>
      <ModuleTime>2020-02-28T20:04:38Z</ModuleTime>
      <ModuleName>System.Private.Xml</ModuleName>
      <Classes />
    </Module>
    <Module skippedDueTo="Filter" hash="9D-C0-19-0D-B9-0B-71-00-FA-44-3E-7A-92-13-79-FB-D2-34-4F-3D">
      <ModulePath>C:\Program Files\dotnet\shared\Microsoft.NETCore.App\3.1.3\System.Text.RegularExpressions.dll</ModulePath>
      <ModuleTime>2020-02-28T20:04:44Z</ModuleTime>
      <ModuleName>System.Text.RegularExpressions</ModuleName>
      <Classes />
    </Module>
    <Module skippedDueTo="Filter" hash="2F-E1-13-B8-1E-10-AE-79-4A-CD-F8-AE-C1-F1-E8-22-10-2F-61-17">
      <ModulePath>C:\Program Files\dotnet\shared\Microsoft.NETCore.App\3.1.3\System.Xml.ReaderWriter.dll</ModulePath>
      <ModuleTime>2020-02-28T20:04:28Z</ModuleTime>
      <ModuleName>System.Xml.ReaderWriter</ModuleName>
      <Classes />
    </Module>
    <Module skippedDueTo="Filter" hash="D3-FC-01-5E-22-55-B9-FD-FB-0D-0E-A5-B8-58-05-D8-DC-D2-F5-24">
      <ModulePath>C:\Program Files\dotnet\shared\Microsoft.NETCore.App\3.1.3\System.Diagnostics.Tracing.dll</ModulePath>
      <ModuleTime>2020-02-28T20:05:36Z</ModuleTime>
      <ModuleName>System.Diagnostics.Tracing</ModuleName>
      <Classes />
    </Module>
    <Module skippedDueTo="Filter" hash="23-F9-09-16-3B-71-58-F5-A7-35-CA-89-4D-75-0F-3D-D0-23-DC-EB">
      <ModulePath>C:\Program Files\dotnet\shared\Microsoft.NETCore.App\3.1.3\System.Threading.Tasks.dll</ModulePath>
      <ModuleTime>2020-02-28T20:05:28Z</ModuleTime>
      <ModuleName>System.Threading.Tasks</ModuleName>
      <Classes />
    </Module>
    <Module skippedDueTo="Filter" hash="A6-8F-70-B6-4E-19-5D-AD-A4-E6-F3-7F-0E-80-A2-3F-81-B0-99-64">
      <ModulePath>C:\Program Files\dotnet\shared\Microsoft.NETCore.App\3.1.3\System.Globalization.dll</ModulePath>
      <ModuleTime>2020-02-28T20:06:08Z</ModuleTime>
      <ModuleName>System.Globalization</ModuleName>
      <Classes />
    </Module>
    <Module skippedDueTo="Filter" hash="B5-88-C5-06-06-46-BA-FC-55-0E-7A-44-AC-31-CD-F3-5B-DF-AE-0B">
      <ModulePath>C:\Program Files\dotnet\shared\Microsoft.NETCore.App\3.1.3\System.Reflection.Emit.ILGeneration.dll</ModulePath>
      <ModuleTime>2020-02-28T20:04:32Z</ModuleTime>
      <ModuleName>System.Reflection.Emit.ILGeneration</ModuleName>
      <Classes />
    </Module>
    <Module skippedDueTo="Filter" hash="EA-A3-EB-09-A2-39-8F-0D-B1-13-BA-6D-11-3A-EC-93-44-39-5A-D3">
      <ModulePath>C:\Program Files\dotnet\shared\Microsoft.NETCore.App\3.1.3\System.Reflection.Emit.Lightweight.dll</ModulePath>
      <ModuleTime>2020-02-28T20:04:32Z</ModuleTime>
      <ModuleName>System.Reflection.Emit.Lightweight</ModuleName>
      <Classes />
    </Module>
    <Module skippedDueTo="Filter" hash="C8-E8-31-5D-60-D0-B9-32-02-28-DE-17-96-8F-97-91-72-F8-BE-13">
      <ModulePath>C:\Program Files\dotnet\shared\Microsoft.NETCore.App\3.1.3\System.Reflection.Primitives.dll</ModulePath>
      <ModuleTime>2020-02-28T20:04:34Z</ModuleTime>
      <ModuleName>System.Reflection.Primitives</ModuleName>
      <Classes />
    </Module>
    <Module skippedDueTo="MissingPdb" hash="FA-59-51-C6-D3-6C-0B-D8-35-01-96-30-1E-15-48-22-E9-1D-84-18">
      <ModulePath>C:\Program Files\dotnet\sdk\3.1.201\Microsoft.TemplateEngine.Utils.dll</ModulePath>
      <ModuleTime>2020-03-18T16:44:46Z</ModuleTime>
      <ModuleName>Microsoft.TemplateEngine.Utils</ModuleName>
      <Classes />
    </Module>
    <Module skippedDueTo="MissingPdb" hash="96-CF-CB-AB-4F-25-B8-44-23-16-25-EC-27-DB-10-94-9B-5F-78-77">
      <ModulePath>C:\Program Files\dotnet\shared\Microsoft.NETCore.App\3.1.3\Microsoft.Win32.Registry.dll</ModulePath>
      <ModuleTime>2020-02-28T20:05:28Z</ModuleTime>
      <ModuleName>Microsoft.Win32.Registry</ModuleName>
      <Classes />
    </Module>
    <Module skippedDueTo="Filter" hash="EF-F5-62-5F-AF-AF-B2-EE-AD-D8-B0-5F-2F-34-FF-0C-C9-DD-5C-66">
      <ModulePath>C:\Program Files\dotnet\shared\Microsoft.NETCore.App\3.1.3\System.Diagnostics.Tools.dll</ModulePath>
      <ModuleTime>2020-02-28T20:05:36Z</ModuleTime>
      <ModuleName>System.Diagnostics.Tools</ModuleName>
      <Classes />
    </Module>
    <Module skippedDueTo="Filter" hash="32-77-95-87-72-D8-6D-43-AA-DA-36-9B-86-D6-99-7F-41-0E-CF-A5">
      <ModulePath>C:\Program Files\dotnet\shared\Microsoft.NETCore.App\3.1.3\System.Diagnostics.Debug.dll</ModulePath>
      <ModuleTime>2020-02-28T20:06:08Z</ModuleTime>
      <ModuleName>System.Diagnostics.Debug</ModuleName>
      <Classes />
    </Module>
    <Module skippedDueTo="Filter" hash="C1-41-1B-16-60-41-0D-35-CE-85-82-6D-04-AB-CE-5C-88-E8-BE-91">
      <ModulePath>C:\Program Files\dotnet\shared\Microsoft.NETCore.App\3.1.3\System.IO.dll</ModulePath>
      <ModuleTime>2020-02-28T20:06:06Z</ModuleTime>
      <ModuleName>System.IO</ModuleName>
      <Classes />
    </Module>
    <Module skippedDueTo="Filter" hash="A5-1D-73-D2-8D-F6-70-B7-B7-8B-00-F4-17-70-7F-2A-98-D3-1C-F9">
      <ModulePath>C:\Program Files\dotnet\shared\Microsoft.NETCore.App\3.1.3\System.Text.Encoding.dll</ModulePath>
      <ModuleTime>2020-02-28T20:04:44Z</ModuleTime>
      <ModuleName>System.Text.Encoding</ModuleName>
      <Classes />
    </Module>
    <Module skippedDueTo="MissingPdb" hash="47-20-F1-42-9C-3C-11-60-EE-D5-38-37-4E-D7-48-C3-66-42-34-0F">
      <ModulePath>C:\Program Files\dotnet\sdk\3.1.201\Microsoft.Build.Framework.dll</ModulePath>
      <ModuleTime>2020-03-18T16:44:38Z</ModuleTime>
      <ModuleName>Microsoft.Build.Framework</ModuleName>
      <Classes />
    </Module>
    <Module skippedDueTo="Filter" hash="CC-FC-9F-9B-3F-02-43-A8-4C-9F-1C-AD-15-23-EF-34-31-D4-A6-0C">
      <ModulePath>C:\Program Files\dotnet\shared\Microsoft.NETCore.App\3.1.3\System.IO.Compression.dll</ModulePath>
      <ModuleTime>2020-02-28T20:05:40Z</ModuleTime>
      <ModuleName>System.IO.Compression</ModuleName>
      <Classes />
    </Module>
    <Module skippedDueTo="Filter" hash="E5-F8-08-77-40-69-F3-B4-39-9E-F4-4F-30-35-FF-75-AD-66-E9-C9">
      <ModulePath>C:\Program Files\dotnet\shared\Microsoft.NETCore.App\3.1.3\System.ComponentModel.Primitives.dll</ModulePath>
      <ModuleTime>2020-02-28T20:05:34Z</ModuleTime>
      <ModuleName>System.ComponentModel.Primitives</ModuleName>
      <Classes />
    </Module>
    <Module skippedDueTo="Filter" hash="5E-EA-96-C3-0B-C7-BF-BA-AE-4A-27-D8-9A-9A-67-A2-72-BF-89-1F">
      <ModulePath>C:\Program Files\dotnet\shared\Microsoft.NETCore.App\3.1.3\System.Collections.NonGeneric.dll</ModulePath>
      <ModuleTime>2020-02-28T20:05:32Z</ModuleTime>
      <ModuleName>System.Collections.NonGeneric</ModuleName>
      <Classes />
    </Module>
    <Module skippedDueTo="MissingPdb" hash="4E-A9-32-5A-D2-0F-84-D8-73-42-C7-0B-6A-3C-7B-C0-89-B7-20-01">
      <ModulePath>C:\Program Files\dotnet\shared\Microsoft.NETCore.App\3.1.3\Microsoft.Win32.Primitives.dll</ModulePath>
      <ModuleTime>2020-02-28T20:05:30Z</ModuleTime>
      <ModuleName>Microsoft.Win32.Primitives</ModuleName>
      <Classes />
    </Module>
    <Module skippedDueTo="Filter" hash="9E-63-EF-9A-D8-E6-C0-64-EB-31-79-F5-8C-35-7D-C2-C5-D2-94-7D">
      <ModulePath>C:\Program Files\dotnet\shared\Microsoft.NETCore.App\3.1.3\System.Net.Http.dll</ModulePath>
      <ModuleTime>2020-02-28T20:06:44Z</ModuleTime>
      <ModuleName>System.Net.Http</ModuleName>
      <Classes />
    </Module>
    <Module skippedDueTo="Filter" hash="2A-48-85-A6-03-C4-07-FD-29-10-28-5A-25-BF-0C-FA-03-A7-98-B2">
      <ModulePath>C:\Program Files\dotnet\shared\Microsoft.NETCore.App\3.1.3\System.Net.Primitives.dll</ModulePath>
      <ModuleTime>2020-02-28T20:04:24Z</ModuleTime>
      <ModuleName>System.Net.Primitives</ModuleName>
      <Classes />
    </Module>
    <Module skippedDueTo="Filter" hash="A5-D1-78-2C-3D-8D-E9-D4-52-E4-0C-B0-3D-34-F4-8D-7A-08-C6-C3">
      <ModulePath>C:\Program Files\dotnet\shared\Microsoft.NETCore.App\3.1.3\System.Net.Security.dll</ModulePath>
      <ModuleTime>2020-02-28T20:04:26Z</ModuleTime>
      <ModuleName>System.Net.Security</ModuleName>
      <Classes />
    </Module>
    <Module skippedDueTo="Filter" hash="2D-D2-58-DD-BA-4D-D9-A2-D8-99-CB-EF-60-05-5F-E6-2B-B1-A8-C7">
      <ModulePath>C:\Program Files\dotnet\shared\Microsoft.NETCore.App\3.1.3\System.Security.Cryptography.X509Certificates.dll</ModulePath>
      <ModuleTime>2020-02-28T20:04:42Z</ModuleTime>
      <ModuleName>System.Security.Cryptography.X509Certificates</ModuleName>
      <Classes />
    </Module>
    <Module skippedDueTo="Filter" hash="19-DB-E7-26-74-3E-B8-3C-B9-3E-89-49-9F-20-99-D9-CF-23-FD-17">
      <ModulePath>C:\Program Files\dotnet\shared\Microsoft.NETCore.App\3.1.3\System.Private.CoreLib.dll</ModulePath>
      <ModuleTime>2020-02-18T21:16:14Z</ModuleTime>
      <ModuleName>System.Private.CoreLib</ModuleName>
      <Classes />
    </Module>
    <Module skippedDueTo="MissingPdb" hash="76-87-37-3D-BD-CF-7C-E5-90-89-7B-D5-45-86-01-3E-47-72-1F-6D">
      <ModulePath>C:\Program Files\dotnet\sdk\3.1.201\MSBuild.dll</ModulePath>
      <ModuleTime>2020-03-18T16:43:48Z</ModuleTime>
      <ModuleName>MSBuild</ModuleName>
      <Classes />
    </Module>
    <Module skippedDueTo="Filter" hash="45-AE-FF-2D-9F-D9-14-AE-5E-58-BC-AD-59-3F-6B-E0-C7-F9-45-CA">
      <ModulePath>C:\Program Files\dotnet\shared\Microsoft.NETCore.App\3.1.3\System.Runtime.dll</ModulePath>
      <ModuleTime>2020-02-28T20:04:40Z</ModuleTime>
      <ModuleName>System.Runtime</ModuleName>
      <Classes />
    </Module>
    <Module skippedDueTo="Filter" hash="B8-01-4B-08-49-01-14-1F-52-C1-06-1B-E1-C4-DA-8C-8C-15-88-14">
      <ModulePath>C:\Program Files\dotnet\shared\Microsoft.NETCore.App\3.1.3\System.Runtime.Extensions.dll</ModulePath>
      <ModuleTime>2020-02-28T20:04:36Z</ModuleTime>
      <ModuleName>System.Runtime.Extensions</ModuleName>
      <Classes />
    </Module>
    <Module skippedDueTo="Filter" hash="9C-68-F9-D9-5D-09-7B-AC-36-D7-6D-25-3D-17-F3-72-E5-1A-87-F0">
      <ModulePath>C:\Program Files\dotnet\shared\Microsoft.NETCore.App\3.1.3\System.Threading.dll</ModulePath>
      <ModuleTime>2020-02-28T20:05:06Z</ModuleTime>
      <ModuleName>System.Threading</ModuleName>
      <Classes />
    </Module>
    <Module skippedDueTo="Filter" hash="23-F9-09-16-3B-71-58-F5-A7-35-CA-89-4D-75-0F-3D-D0-23-DC-EB">
      <ModulePath>C:\Program Files\dotnet\shared\Microsoft.NETCore.App\3.1.3\System.Threading.Tasks.dll</ModulePath>
      <ModuleTime>2020-02-28T20:05:28Z</ModuleTime>
      <ModuleName>System.Threading.Tasks</ModuleName>
      <Classes />
    </Module>
    <Module skippedDueTo="MissingPdb" hash="47-20-F1-42-9C-3C-11-60-EE-D5-38-37-4E-D7-48-C3-66-42-34-0F">
      <ModulePath>C:\Program Files\dotnet\sdk\3.1.201\Microsoft.Build.Framework.dll</ModulePath>
      <ModuleTime>2020-03-18T16:44:38Z</ModuleTime>
      <ModuleName>Microsoft.Build.Framework</ModuleName>
      <Classes />
    </Module>
    <Module skippedDueTo="MissingPdb" hash="08-0A-47-0B-10-27-7A-98-D6-A5-5B-EC-1C-35-91-93-AB-C0-35-65">
      <ModulePath>C:\Program Files\dotnet\shared\Microsoft.NETCore.App\3.1.3\netstandard.dll</ModulePath>
      <ModuleTime>2020-02-28T20:05:24Z</ModuleTime>
      <ModuleName>netstandard</ModuleName>
      <Classes />
    </Module>
    <Module skippedDueTo="Filter" hash="26-14-D7-B5-EB-43-C2-76-01-4F-01-5E-7B-A4-CE-E9-EB-E3-AA-B9">
      <ModulePath>C:\Program Files\dotnet\shared\Microsoft.NETCore.App\3.1.3\System.Runtime.InteropServices.RuntimeInformation.dll</ModulePath>
      <ModuleTime>2020-02-28T20:04:36Z</ModuleTime>
      <ModuleName>System.Runtime.InteropServices.RuntimeInformation</ModuleName>
      <Classes />
    </Module>
    <Module skippedDueTo="Filter" hash="4D-33-53-11-50-36-83-92-2B-29-8C-5A-FA-19-EF-5A-D4-AA-32-80">
      <ModulePath>C:\Program Files\dotnet\shared\Microsoft.NETCore.App\3.1.3\System.Diagnostics.Process.dll</ModulePath>
      <ModuleTime>2020-02-28T20:05:38Z</ModuleTime>
      <ModuleName>System.Diagnostics.Process</ModuleName>
      <Classes />
    </Module>
    <Module skippedDueTo="Filter" hash="E5-F8-08-77-40-69-F3-B4-39-9E-F4-4F-30-35-FF-75-AD-66-E9-C9">
      <ModulePath>C:\Program Files\dotnet\shared\Microsoft.NETCore.App\3.1.3\System.ComponentModel.Primitives.dll</ModulePath>
      <ModuleTime>2020-02-28T20:05:34Z</ModuleTime>
      <ModuleName>System.ComponentModel.Primitives</ModuleName>
      <Classes />
    </Module>
    <Module skippedDueTo="Filter" hash="33-87-51-E6-2F-8C-BE-1D-5B-B2-9E-51-10-1B-05-40-2C-E3-E8-1A">
      <ModulePath>C:\Program Files\dotnet\shared\Microsoft.NETCore.App\3.1.3\System.Linq.dll</ModulePath>
      <ModuleTime>2020-02-28T20:06:40Z</ModuleTime>
      <ModuleName>System.Linq</ModuleName>
      <Classes />
    </Module>
    <Module skippedDueTo="Filter" hash="9D-C0-19-0D-B9-0B-71-00-FA-44-3E-7A-92-13-79-FB-D2-34-4F-3D">
      <ModulePath>C:\Program Files\dotnet\shared\Microsoft.NETCore.App\3.1.3\System.Text.RegularExpressions.dll</ModulePath>
      <ModuleTime>2020-02-28T20:04:44Z</ModuleTime>
      <ModuleName>System.Text.RegularExpressions</ModuleName>
      <Classes />
    </Module>
    <Module skippedDueTo="Filter" hash="8B-E9-5A-2E-CC-DB-5C-E1-03-05-BA-E1-31-A9-9D-6F-18-10-50-AA">
      <ModulePath>C:\Program Files\dotnet\shared\Microsoft.NETCore.App\3.1.3\System.Collections.dll</ModulePath>
      <ModuleTime>2020-02-28T20:05:28Z</ModuleTime>
      <ModuleName>System.Collections</ModuleName>
      <Classes />
    </Module>
    <Module skippedDueTo="Filter" hash="AF-4F-3B-E9-D2-80-A0-2E-91-5B-AF-17-34-A9-F1-A6-32-C4-EC-4E">
      <ModulePath>C:\Program Files\dotnet\shared\Microsoft.NETCore.App\3.1.3\System.Memory.dll</ModulePath>
      <ModuleTime>2020-02-28T20:06:08Z</ModuleTime>
      <ModuleName>System.Memory</ModuleName>
      <Classes />
    </Module>
    <Module skippedDueTo="Filter" hash="CE-43-2B-40-C0-FF-2C-68-D3-CF-AF-49-07-37-DC-D7-AA-AB-17-F3">
      <ModulePath>C:\Program Files\dotnet\shared\Microsoft.NETCore.App\3.1.3\System.Buffers.dll</ModulePath>
      <ModuleTime>2020-02-28T20:05:26Z</ModuleTime>
      <ModuleName>System.Buffers</ModuleName>
      <Classes />
    </Module>
    <Module skippedDueTo="Filter" hash="A6-81-2A-5B-4A-3D-C8-4D-49-04-DE-1F-DF-02-7C-B4-43-51-DE-1C">
      <ModulePath>C:\Program Files\dotnet\shared\Microsoft.NETCore.App\3.1.3\System.IO.FileSystem.dll</ModulePath>
      <ModuleTime>2020-02-28T20:06:08Z</ModuleTime>
      <ModuleName>System.IO.FileSystem</ModuleName>
      <Classes />
    </Module>
    <Module skippedDueTo="Filter" hash="B9-08-B2-09-3C-61-2C-3E-62-03-05-65-93-6A-84-E5-2C-0D-A7-F4">
      <ModulePath>C:\Program Files\dotnet\shared\Microsoft.NETCore.App\3.1.3\System.Runtime.InteropServices.dll</ModulePath>
      <ModuleTime>2020-02-28T20:04:34Z</ModuleTime>
      <ModuleName>System.Runtime.InteropServices</ModuleName>
      <Classes />
    </Module>
    <Module skippedDueTo="Filter" hash="32-5D-5E-82-60-49-7F-5D-44-D4-1E-BF-57-95-6F-D8-30-A6-C2-E1">
      <ModulePath>C:\Program Files\dotnet\shared\Microsoft.NETCore.App\3.1.3\System.Console.dll</ModulePath>
      <ModuleTime>2020-02-28T20:05:30Z</ModuleTime>
      <ModuleName>System.Console</ModuleName>
      <Classes />
    </Module>
    <Module skippedDueTo="MissingPdb" hash="58-59-35-07-07-DE-52-C3-80-D9-CC-BF-5D-FA-04-DF-29-C6-52-ED">
      <ModulePath>C:\Program Files\dotnet\sdk\3.1.201\Microsoft.Build.dll</ModulePath>
      <ModuleTime>2020-03-18T16:44:40Z</ModuleTime>
      <ModuleName>Microsoft.Build</ModuleName>
      <Classes />
    </Module>
    <Module skippedDueTo="Filter" hash="D3-FC-01-5E-22-55-B9-FD-FB-0D-0E-A5-B8-58-05-D8-DC-D2-F5-24">
      <ModulePath>C:\Program Files\dotnet\shared\Microsoft.NETCore.App\3.1.3\System.Diagnostics.Tracing.dll</ModulePath>
      <ModuleTime>2020-02-28T20:05:36Z</ModuleTime>
      <ModuleName>System.Diagnostics.Tracing</ModuleName>
      <Classes />
    </Module>
    <Module skippedDueTo="Filter" hash="32-77-95-87-72-D8-6D-43-AA-DA-36-9B-86-D6-99-7F-41-0E-CF-A5">
      <ModulePath>C:\Program Files\dotnet\shared\Microsoft.NETCore.App\3.1.3\System.Diagnostics.Debug.dll</ModulePath>
      <ModuleTime>2020-02-28T20:06:08Z</ModuleTime>
      <ModuleName>System.Diagnostics.Debug</ModuleName>
      <Classes />
    </Module>
    <Module skippedDueTo="Filter" hash="BF-BC-9F-90-71-42-03-E3-AC-AA-D2-39-9E-84-5C-00-62-70-39-BA">
      <ModulePath>C:\Program Files\dotnet\shared\Microsoft.NETCore.App\3.1.3\System.Text.Encoding.CodePages.dll</ModulePath>
      <ModuleTime>2020-02-28T20:04:46Z</ModuleTime>
      <ModuleName>System.Text.Encoding.CodePages</ModuleName>
      <Classes />
    </Module>
    <Module skippedDueTo="Filter" hash="8F-A1-95-7C-65-A0-95-11-53-8D-DF-11-6D-3C-AD-5D-AE-2F-D3-73">
      <ModulePath>C:\Program Files\dotnet\shared\Microsoft.NETCore.App\3.1.3\System.Collections.Concurrent.dll</ModulePath>
      <ModuleTime>2020-02-28T20:05:24Z</ModuleTime>
      <ModuleName>System.Collections.Concurrent</ModuleName>
      <Classes />
    </Module>
    <Module skippedDueTo="Filter" hash="3D-ED-2E-29-0D-BD-86-B5-75-96-FF-B0-C8-9D-AD-4E-5B-94-58-57">
      <ModulePath>C:\Program Files\dotnet\shared\Microsoft.NETCore.App\3.1.3\System.Runtime.Loader.dll</ModulePath>
      <ModuleTime>2020-02-28T20:04:36Z</ModuleTime>
      <ModuleName>System.Runtime.Loader</ModuleName>
      <Classes />
    </Module>
    <Module skippedDueTo="MissingPdb" hash="5C-D3-E5-60-AC-A8-D6-45-77-6C-59-CA-FE-F1-49-32-B4-41-29-2D">
      <ModulePath>C:\Program Files\dotnet\sdk\3.1.201\dotnet.dll</ModulePath>
      <ModuleTime>2020-03-18T16:44:30Z</ModuleTime>
      <ModuleName>dotnet</ModuleName>
      <Classes />
    </Module>
    <Module skippedDueTo="Filter" hash="01-AB-1F-C1-0A-AD-1A-D5-69-41-9D-4B-4E-1C-6F-AC-59-05-9A-48">
      <ModulePath>C:\Program Files\dotnet\shared\Microsoft.NETCore.App\3.1.3\System.Collections.Immutable.dll</ModulePath>
      <ModuleTime>2020-02-28T20:05:24Z</ModuleTime>
      <ModuleName>System.Collections.Immutable</ModuleName>
      <Classes />
    </Module>
    <Module skippedDueTo="MissingPdb" hash="38-09-CE-F2-E5-95-B5-A8-49-DB-F2-B2-FC-2A-62-56-4F-D2-91-39">
      <ModulePath>C:\Program Files\dotnet\sdk\3.1.201\Microsoft.DotNet.Configurer.dll</ModulePath>
      <ModuleTime>2020-03-18T16:44:38Z</ModuleTime>
      <ModuleName>Microsoft.DotNet.Configurer</ModuleName>
      <Classes />
    </Module>
    <Module skippedDueTo="MissingPdb" hash="A6-34-21-D2-ED-90-2B-0C-6B-31-85-04-D0-F6-D6-13-31-C9-61-F8">
      <ModulePath>C:\Program Files\dotnet\sdk\3.1.201\Microsoft.DotNet.InternalAbstractions.dll</ModulePath>
      <ModuleTime>2020-03-18T16:44:40Z</ModuleTime>
      <ModuleName>Microsoft.DotNet.InternalAbstractions</ModuleName>
      <Classes />
    </Module>
    <Module skippedDueTo="MissingPdb" hash="D2-6E-C4-85-DC-1F-C3-EB-0C-2E-07-EA-F9-33-C9-A6-25-57-E7-D6">
      <ModulePath>C:\Program Files\dotnet\sdk\3.1.201\Microsoft.DotNet.Cli.Utils.dll</ModulePath>
      <ModuleTime>2020-03-18T16:44:38Z</ModuleTime>
      <ModuleName>Microsoft.DotNet.Cli.Utils</ModuleName>
      <Classes />
    </Module>
    <Module skippedDueTo="Filter" hash="4E-96-5A-FC-C0-BE-6F-D4-A5-9C-B4-F8-33-D5-85-D1-B9-07-9F-89">
      <ModulePath>C:\Program Files\dotnet\shared\Microsoft.NETCore.App\3.1.3\System.Text.Encoding.Extensions.dll</ModulePath>
      <ModuleTime>2020-02-28T20:04:44Z</ModuleTime>
      <ModuleName>System.Text.Encoding.Extensions</ModuleName>
      <Classes />
    </Module>
    <Module skippedDueTo="MissingPdb" hash="DD-89-83-66-26-E0-B9-BF-DD-51-53-00-1B-5A-80-96-5A-0A-01-79">
      <ModulePath>C:\Program Files\dotnet\sdk\3.1.201\Microsoft.ApplicationInsights.dll</ModulePath>
      <ModuleTime>2020-03-18T16:45:02Z</ModuleTime>
      <ModuleName>Microsoft.ApplicationInsights</ModuleName>
      <Classes />
    </Module>
    <Module skippedDueTo="MissingPdb" hash="1E-D4-CD-15-2C-94-E4-C6-19-88-4A-EC-70-23-9C-38-12-8A-35-87">
      <ModulePath>C:\Program Files\dotnet\sdk\3.1.201\Microsoft.DotNet.PlatformAbstractions.dll</ModulePath>
      <ModuleTime>2020-03-18T16:44:38Z</ModuleTime>
      <ModuleName>Microsoft.DotNet.PlatformAbstractions</ModuleName>
      <Classes />
    </Module>
    <Module skippedDueTo="Filter" hash="F0-C5-75-3F-22-17-B9-2C-E6-C3-3C-A7-4D-EE-AF-C8-FF-35-92-AC">
      <ModulePath>C:\Program Files\dotnet\shared\Microsoft.NETCore.App\3.1.3\System.Runtime.CompilerServices.Unsafe.dll</ModulePath>
      <ModuleTime>2020-02-28T20:04:34Z</ModuleTime>
      <ModuleName>System.Runtime.CompilerServices.Unsafe</ModuleName>
      <Classes />
    </Module>
    <Module skippedDueTo="Filter" hash="D5-0A-67-87-14-54-BA-3A-F2-2A-2A-B8-15-CE-D1-74-51-44-E5-FC">
      <ModulePath>C:\Program Files\dotnet\shared\Microsoft.NETCore.App\3.1.3\System.Private.Uri.dll</ModulePath>
      <ModuleTime>2020-02-28T20:04:26Z</ModuleTime>
      <ModuleName>System.Private.Uri</ModuleName>
      <Classes />
    </Module>
    <Module skippedDueTo="Filter" hash="70-58-B8-D8-D1-66-CB-C6-C4-F9-5F-80-03-7C-74-A2-D8-CA-6A-98">
      <ModulePath>C:\Program Files\dotnet\shared\Microsoft.NETCore.App\3.1.3\System.Reflection.Extensions.dll</ModulePath>
      <ModuleTime>2020-02-28T20:04:28Z</ModuleTime>
      <ModuleName>System.Reflection.Extensions</ModuleName>
      <Classes />
    </Module>
    <Module skippedDueTo="Filter" hash="08-4C-1D-C3-E8-DB-38-EA-0D-64-CB-BD-58-BC-F2-B0-E2-99-42-93">
      <ModulePath>C:\Program Files\dotnet\shared\Microsoft.NETCore.App\3.1.3\System.Reflection.dll</ModulePath>
      <ModuleTime>2020-02-28T20:04:28Z</ModuleTime>
      <ModuleName>System.Reflection</ModuleName>
      <Classes />
    </Module>
    <Module skippedDueTo="Filter" hash="4B-5A-EC-05-10-C3-65-A3-7C-C5-D4-52-0E-41-A4-1F-73-88-F9-01">
      <ModulePath>C:\Program Files\dotnet\shared\Microsoft.NETCore.App\3.1.3\System.Xml.XDocument.dll</ModulePath>
      <ModuleTime>2020-02-28T20:04:28Z</ModuleTime>
      <ModuleName>System.Xml.XDocument</ModuleName>
      <Classes />
    </Module>
    <Module skippedDueTo="Filter" hash="68-1D-85-11-BD-EC-60-7F-F2-E8-83-FF-C6-D8-D9-CB-28-C8-8B-2A">
      <ModulePath>C:\Program Files\dotnet\shared\Microsoft.NETCore.App\3.1.3\System.Private.Xml.Linq.dll</ModulePath>
      <ModuleTime>2020-02-28T20:04:30Z</ModuleTime>
      <ModuleName>System.Private.Xml.Linq</ModuleName>
      <Classes />
    </Module>
    <Module skippedDueTo="Filter" hash="A3-6E-3F-5C-23-E9-CE-D4-59-A4-79-82-3A-A2-A6-D2-A6-37-0E-C2">
      <ModulePath>C:\Program Files\dotnet\shared\Microsoft.NETCore.App\3.1.3\System.Threading.Thread.dll</ModulePath>
      <ModuleTime>2020-02-28T20:04:24Z</ModuleTime>
      <ModuleName>System.Threading.Thread</ModuleName>
      <Classes />
    </Module>
    <Module skippedDueTo="Filter" hash="1F-BD-6F-06-01-11-FA-A9-DB-0B-12-95-1E-A0-B6-62-C2-59-ED-05">
      <ModulePath>C:\Program Files\dotnet\shared\Microsoft.NETCore.App\3.1.3\System.Private.Xml.dll</ModulePath>
      <ModuleTime>2020-02-28T20:04:38Z</ModuleTime>
      <ModuleName>System.Private.Xml</ModuleName>
      <Classes />
    </Module>
    <Module skippedDueTo="Filter" hash="2F-E1-13-B8-1E-10-AE-79-4A-CD-F8-AE-C1-F1-E8-22-10-2F-61-17">
      <ModulePath>C:\Program Files\dotnet\shared\Microsoft.NETCore.App\3.1.3\System.Xml.ReaderWriter.dll</ModulePath>
      <ModuleTime>2020-02-28T20:04:28Z</ModuleTime>
      <ModuleName>System.Xml.ReaderWriter</ModuleName>
      <Classes />
    </Module>
    <Module skippedDueTo="Filter" hash="A6-8F-70-B6-4E-19-5D-AD-A4-E6-F3-7F-0E-80-A2-3F-81-B0-99-64">
      <ModulePath>C:\Program Files\dotnet\shared\Microsoft.NETCore.App\3.1.3\System.Globalization.dll</ModulePath>
      <ModuleTime>2020-02-28T20:06:08Z</ModuleTime>
      <ModuleName>System.Globalization</ModuleName>
      <Classes />
    </Module>
    <Module skippedDueTo="Filter" hash="BD-4A-A7-E3-52-A8-34-61-7F-29-11-AF-BF-90-FC-16-AD-AB-40-0B">
      <ModulePath>C:\Program Files\dotnet\shared\Microsoft.NETCore.App\3.1.3\System.Threading.Tasks.Dataflow.dll</ModulePath>
      <ModuleTime>2020-02-28T20:04:46Z</ModuleTime>
      <ModuleName>System.Threading.Tasks.Dataflow</ModuleName>
      <Classes />
    </Module>
    <Module skippedDueTo="Filter" hash="08-F9-21-BB-3C-07-A4-DA-5A-43-89-51-EB-E0-A4-B9-2F-19-F6-7D">
      <ModulePath>C:\Program Files\dotnet\shared\Microsoft.NETCore.App\3.1.3\System.Security.Cryptography.Algorithms.dll</ModulePath>
      <ModuleTime>2020-02-28T20:04:40Z</ModuleTime>
      <ModuleName>System.Security.Cryptography.Algorithms</ModuleName>
      <Classes />
    </Module>
    <Module skippedDueTo="Filter" hash="55-8E-C2-A5-09-4D-3F-8C-11-59-AB-41-D5-05-B5-7B-8D-3A-AA-6E">
      <ModulePath>C:\Program Files\dotnet\shared\Microsoft.NETCore.App\3.1.3\System.Security.Cryptography.Primitives.dll</ModulePath>
      <ModuleTime>2020-02-28T20:04:42Z</ModuleTime>
      <ModuleName>System.Security.Cryptography.Primitives</ModuleName>
      <Classes />
    </Module>
    <Module skippedDueTo="MissingPdb" hash="96-CF-CB-AB-4F-25-B8-44-23-16-25-EC-27-DB-10-94-9B-5F-78-77">
      <ModulePath>C:\Program Files\dotnet\shared\Microsoft.NETCore.App\3.1.3\Microsoft.Win32.Registry.dll</ModulePath>
      <ModuleTime>2020-02-28T20:05:28Z</ModuleTime>
      <ModuleName>Microsoft.Win32.Registry</ModuleName>
      <Classes />
    </Module>
    <Module skippedDueTo="Filter" hash="57-E8-B3-F8-DB-88-F2-FB-81-BE-34-C3-AD-1E-D4-F0-DD-F0-59-D3">
      <ModulePath>C:\Program Files\dotnet\shared\Microsoft.NETCore.App\3.1.3\System.Resources.ResourceManager.dll</ModulePath>
      <ModuleTime>2020-02-28T20:04:32Z</ModuleTime>
      <ModuleName>System.Resources.ResourceManager</ModuleName>
      <Classes />
    </Module>
    <Module skippedDueTo="Filter" hash="22-BD-0E-BF-F3-50-23-F4-33-69-45-CA-85-5A-41-AA-FF-98-13-6A">
      <ModulePath>C:\Program Files\dotnet\shared\Microsoft.NETCore.App\3.1.3\System.ObjectModel.dll</ModulePath>
      <ModuleTime>2020-02-28T20:04:24Z</ModuleTime>
      <ModuleName>System.ObjectModel</ModuleName>
      <Classes />
    </Module>
    <Module skippedDueTo="Filter" hash="66-55-F3-9A-C4-53-63-95-5F-60-D2-19-0F-7E-3B-2B-85-46-FB-8D">
      <ModulePath>C:\Program Files\dotnet\shared\Microsoft.NETCore.App\3.1.3\System.Diagnostics.TraceSource.dll</ModulePath>
      <ModuleTime>2020-02-28T20:06:08Z</ModuleTime>
      <ModuleName>System.Diagnostics.TraceSource</ModuleName>
      <Classes />
    </Module>
    <Module skippedDueTo="MissingPdb" hash="80-8D-68-67-13-D9-19-58-91-D7-B1-B6-1B-CF-9B-3C-AC-80-89-94">
      <ModulePath>C:\Program Files\dotnet\sdk\3.1.201\Microsoft.Build.NuGetSdkResolver.dll</ModulePath>
      <ModuleTime>2020-03-18T16:44:36Z</ModuleTime>
      <ModuleName>Microsoft.Build.NuGetSdkResolver</ModuleName>
      <Classes />
    </Module>
    <Module skippedDueTo="Filter" hash="49-E0-50-A5-D9-8A-25-15-AE-1C-26-42-E6-99-0B-49-D2-F5-CB-DA">
      <ModulePath>C:\Program Files\dotnet\shared\Microsoft.NETCore.App\3.1.3\System.Diagnostics.FileVersionInfo.dll</ModulePath>
      <ModuleTime>2020-02-28T20:05:38Z</ModuleTime>
      <ModuleName>System.Diagnostics.FileVersionInfo</ModuleName>
      <Classes />
    </Module>
    <Module skippedDueTo="Filter" hash="04-D0-77-B5-F7-72-0B-E6-E8-AA-8F-4B-A0-A0-C9-C0-4C-69-37-D9">
      <ModulePath>C:\Program Files\dotnet\shared\Microsoft.NETCore.App\3.1.3\System.Threading.Tasks.Parallel.dll</ModulePath>
      <ModuleTime>2020-02-28T20:05:28Z</ModuleTime>
      <ModuleName>System.Threading.Tasks.Parallel</ModuleName>
      <Classes />
    </Module>
    <Module skippedDueTo="MissingPdb" hash="7A-E6-CA-81-95-20-D1-FF-17-80-B7-2A-AB-83-B3-0A-F1-99-1E-2A">
      <ModulePath>C:\Program Files\dotnet\sdk\3.1.201\Microsoft.Build.Utilities.Core.dll</ModulePath>
      <ModuleTime>2020-03-18T16:44:42Z</ModuleTime>
      <ModuleName>Microsoft.Build.Utilities.Core</ModuleName>
      <Classes />
    </Module>
    <Module skippedDueTo="Filter" hash="B5-88-C5-06-06-46-BA-FC-55-0E-7A-44-AC-31-CD-F3-5B-DF-AE-0B">
      <ModulePath>C:\Program Files\dotnet\shared\Microsoft.NETCore.App\3.1.3\System.Reflection.Emit.ILGeneration.dll</ModulePath>
      <ModuleTime>2020-02-28T20:04:32Z</ModuleTime>
      <ModuleName>System.Reflection.Emit.ILGeneration</ModuleName>
      <Classes />
    </Module>
    <Module skippedDueTo="Filter" hash="EA-A3-EB-09-A2-39-8F-0D-B1-13-BA-6D-11-3A-EC-93-44-39-5A-D3">
      <ModulePath>C:\Program Files\dotnet\shared\Microsoft.NETCore.App\3.1.3\System.Reflection.Emit.Lightweight.dll</ModulePath>
      <ModuleTime>2020-02-28T20:04:32Z</ModuleTime>
      <ModuleName>System.Reflection.Emit.Lightweight</ModuleName>
      <Classes />
    </Module>
    <Module skippedDueTo="Filter" hash="C8-E8-31-5D-60-D0-B9-32-02-28-DE-17-96-8F-97-91-72-F8-BE-13">
      <ModulePath>C:\Program Files\dotnet\shared\Microsoft.NETCore.App\3.1.3\System.Reflection.Primitives.dll</ModulePath>
      <ModuleTime>2020-02-28T20:04:34Z</ModuleTime>
      <ModuleName>System.Reflection.Primitives</ModuleName>
      <Classes />
    </Module>
    <Module skippedDueTo="MissingPdb" hash="88-E7-E8-96-8F-48-99-50-8E-E1-DF-4C-0E-D5-D8-C5-0D-62-22-36">
      <ModulePath>C:\Program Files\dotnet\sdk\3.1.201\Microsoft.Build.Tasks.Core.dll</ModulePath>
      <ModuleTime>2020-03-18T16:44:38Z</ModuleTime>
      <ModuleName>Microsoft.Build.Tasks.Core</ModuleName>
      <Classes />
    </Module>
    <Module skippedDueTo="Filter" hash="FC-9A-A3-24-E8-48-FF-9E-1A-D8-C2-B3-54-1E-A8-DD-B2-E1-E3-96">
      <ModulePath>C:\Program Files\dotnet\shared\Microsoft.NETCore.App\3.1.3\System.Threading.ThreadPool.dll</ModulePath>
      <ModuleTime>2020-02-28T20:04:24Z</ModuleTime>
      <ModuleName>System.Threading.ThreadPool</ModuleName>
      <Classes />
    </Module>
    <Module skippedDueTo="MissingPdb" hash="E4-51-7F-05-08-F3-02-02-27-8E-E8-21-7C-ED-F0-78-12-BA-03-DA">
      <ModulePath>C:\Program Files\dotnet\sdk\3.1.201\NuGet.Build.Tasks.dll</ModulePath>
      <ModuleTime>2020-03-18T16:45:22Z</ModuleTime>
      <ModuleName>NuGet.Build.Tasks</ModuleName>
      <Classes />
    </Module>
    <Module skippedDueTo="MissingPdb" hash="11-27-AE-76-EA-89-8D-78-90-4F-7C-8D-62-56-14-CD-EF-02-37-D9">
      <ModulePath>C:\Program Files\dotnet\sdk\3.1.201\NuGet.Common.dll</ModulePath>
      <ModuleTime>2020-03-18T16:45:24Z</ModuleTime>
      <ModuleName>NuGet.Common</ModuleName>
      <Classes />
    </Module>
    <Module skippedDueTo="MissingPdb" hash="9A-73-83-D7-DB-DD-27-CD-88-01-22-D7-EF-C7-FF-A7-B2-07-F7-3B">
      <ModulePath>C:\Program Files\dotnet\sdk\3.1.201\NuGet.Commands.dll</ModulePath>
      <ModuleTime>2020-03-18T16:45:24Z</ModuleTime>
      <ModuleName>NuGet.Commands</ModuleName>
      <Classes />
    </Module>
    <Module skippedDueTo="MissingPdb" hash="36-E8-16-54-B7-19-BD-A8-2A-38-DC-64-7B-B6-08-2C-AE-DF-59-4A">
      <ModulePath>C:\Program Files\dotnet\sdk\3.1.201\NuGet.ProjectModel.dll</ModulePath>
      <ModuleTime>2020-03-18T16:45:26Z</ModuleTime>
      <ModuleName>NuGet.ProjectModel</ModuleName>
      <Classes />
    </Module>
    <Module skippedDueTo="Filter" hash="5E-EA-96-C3-0B-C7-BF-BA-AE-4A-27-D8-9A-9A-67-A2-72-BF-89-1F">
      <ModulePath>C:\Program Files\dotnet\shared\Microsoft.NETCore.App\3.1.3\System.Collections.NonGeneric.dll</ModulePath>
      <ModuleTime>2020-02-28T20:05:32Z</ModuleTime>
      <ModuleName>System.Collections.NonGeneric</ModuleName>
      <Classes />
    </Module>
    <Module skippedDueTo="MissingPdb" hash="4E-A9-32-5A-D2-0F-84-D8-73-42-C7-0B-6A-3C-7B-C0-89-B7-20-01">
      <ModulePath>C:\Program Files\dotnet\shared\Microsoft.NETCore.App\3.1.3\Microsoft.Win32.Primitives.dll</ModulePath>
      <ModuleTime>2020-02-28T20:05:30Z</ModuleTime>
      <ModuleName>Microsoft.Win32.Primitives</ModuleName>
      <Classes />
    </Module>
    <Module skippedDueTo="Filter" hash="FE-01-7B-00-A1-9B-C4-BC-2A-13-7F-59-A4-6F-55-59-DD-49-B7-A0">
      <ModulePath>C:\Program Files\dotnet\shared\Microsoft.NETCore.App\3.1.3\System.IO.Pipes.dll</ModulePath>
      <ModuleTime>2020-02-28T20:06:04Z</ModuleTime>
      <ModuleName>System.IO.Pipes</ModuleName>
      <Classes />
    </Module>
    <Module skippedDueTo="Filter" hash="87-DE-C4-EB-AC-4B-76-40-4C-56-AB-F2-05-44-02-D8-77-58-26-00">
      <ModulePath>C:\Program Files\dotnet\shared\Microsoft.NETCore.App\3.1.3\System.Security.Principal.dll</ModulePath>
      <ModuleTime>2020-02-28T20:04:42Z</ModuleTime>
      <ModuleName>System.Security.Principal</ModuleName>
      <Classes />
    </Module>
    <Module skippedDueTo="Filter" hash="42-A4-D5-63-DA-C9-6B-42-3E-CF-98-F9-FB-80-3B-23-4D-E8-7E-B3">
      <ModulePath>C:\Program Files\dotnet\shared\Microsoft.NETCore.App\3.1.3\System.ComponentModel.dll</ModulePath>
      <ModuleTime>2020-02-28T20:05:34Z</ModuleTime>
      <ModuleName>System.ComponentModel</ModuleName>
      <Classes />
    </Module>
    <Module skippedDueTo="Filter" hash="F1-9F-EA-39-E9-B6-89-2A-58-18-83-8F-AC-C2-48-C5-4B-91-2A-5E">
      <ModulePath>C:\Program Files\dotnet\shared\Microsoft.NETCore.App\3.1.3\System.Net.Requests.dll</ModulePath>
      <ModuleTime>2020-02-28T20:04:24Z</ModuleTime>
      <ModuleName>System.Net.Requests</ModuleName>
      <Classes />
    </Module>
    <Module skippedDueTo="Filter" hash="E7-62-66-DE-57-93-B4-25-D0-E5-B1-77-A2-DF-82-65-19-35-D3-96">
      <ModulePath>C:\Program Files\dotnet\shared\Microsoft.NETCore.App\3.1.3\System.Net.NetworkInformation.dll</ModulePath>
      <ModuleTime>2020-02-28T20:06:40Z</ModuleTime>
      <ModuleName>System.Net.NetworkInformation</ModuleName>
      <Classes />
    </Module>
    <Module skippedDueTo="Filter" hash="9E-74-A8-58-6C-B8-D8-AD-35-90-C4-AB-A7-24-4E-54-43-53-8E-2F">
      <ModulePath>C:\Program Files\dotnet\shared\Microsoft.NETCore.App\3.1.3\System.Diagnostics.DiagnosticSource.dll</ModulePath>
      <ModuleTime>2020-02-28T20:05:34Z</ModuleTime>
      <ModuleName>System.Diagnostics.DiagnosticSource</ModuleName>
      <Classes />
    </Module>
    <Module skippedDueTo="Filter" hash="25-17-3D-BA-13-03-55-32-76-CF-3D-AE-B3-52-14-5F-95-F5-3E-85">
      <ModulePath>C:\Program Files\dotnet\shared\Microsoft.NETCore.App\3.1.3\System.Threading.Timer.dll</ModulePath>
      <ModuleTime>2020-02-28T20:04:24Z</ModuleTime>
      <ModuleName>System.Threading.Timer</ModuleName>
      <Classes />
    </Module>
    <Module skippedDueTo="Filter" hash="EE-DF-4B-C9-A1-40-03-5F-56-1A-DB-D7-E8-A0-BC-A6-12-34-84-1E">
      <ModulePath>C:\Program Files\dotnet\shared\Microsoft.NETCore.App\3.1.3\System.Net.Sockets.dll</ModulePath>
      <ModuleTime>2020-02-28T20:05:08Z</ModuleTime>
      <ModuleName>System.Net.Sockets</ModuleName>
      <Classes />
    </Module>
    <Module skippedDueTo="Filter" hash="87-6E-54-67-71-53-FA-C9-68-88-0D-C1-82-45-BE-68-5A-25-55-32">
      <ModulePath>C:\Program Files\dotnet\shared\Microsoft.NETCore.App\3.1.3\System.Threading.Overlapped.dll</ModulePath>
      <ModuleTime>2020-02-28T20:04:44Z</ModuleTime>
      <ModuleName>System.Threading.Overlapped</ModuleName>
      <Classes />
    </Module>
    <Module skippedDueTo="Filter" hash="E6-CE-DF-D3-05-01-F5-61-41-53-0C-FF-2C-87-01-04-6E-EB-B1-C7">
      <ModulePath>C:\Program Files\dotnet\shared\Microsoft.NETCore.App\3.1.3\System.Net.NameResolution.dll</ModulePath>
      <ModuleTime>2020-02-28T20:06:40Z</ModuleTime>
      <ModuleName>System.Net.NameResolution</ModuleName>
      <Classes />
    </Module>
    <Module skippedDueTo="Filter" hash="2F-EF-10-A4-03-CD-85-F5-B3-28-04-C0-CA-59-04-4C-AE-A8-5D-D0">
      <ModulePath>C:\Program Files\dotnet\shared\Microsoft.NETCore.App\3.1.3\System.Security.Principal.Windows.dll</ModulePath>
      <ModuleTime>2020-02-28T20:04:42Z</ModuleTime>
      <ModuleName>System.Security.Principal.Windows</ModuleName>
      <Classes />
    </Module>
    <Module skippedDueTo="Filter" hash="79-03-C9-B3-67-3A-61-F7-6D-B6-CE-72-A2-3F-68-B5-87-C1-4B-60">
      <ModulePath>C:\Program Files\dotnet\shared\Microsoft.NETCore.App\3.1.3\System.Security.Claims.dll</ModulePath>
      <ModuleTime>2020-02-28T20:04:40Z</ModuleTime>
      <ModuleName>System.Security.Claims</ModuleName>
      <Classes />
    </Module>
    <Module skippedDueTo="Filter" hash="87-DE-C4-EB-AC-4B-76-40-4C-56-AB-F2-05-44-02-D8-77-58-26-00">
      <ModulePath>C:\Program Files\dotnet\shared\Microsoft.NETCore.App\3.1.3\System.Security.Principal.dll</ModulePath>
      <ModuleTime>2020-02-28T20:04:42Z</ModuleTime>
      <ModuleName>System.Security.Principal</ModuleName>
      <Classes />
    </Module>
    <Module skippedDueTo="Filter" hash="FC-9A-A3-24-E8-48-FF-9E-1A-D8-C2-B3-54-1E-A8-DD-B2-E1-E3-96">
      <ModulePath>C:\Program Files\dotnet\shared\Microsoft.NETCore.App\3.1.3\System.Threading.ThreadPool.dll</ModulePath>
      <ModuleTime>2020-02-28T20:04:24Z</ModuleTime>
      <ModuleName>System.Threading.ThreadPool</ModuleName>
      <Classes />
    </Module>
    <Module skippedDueTo="Filter" hash="03-C3-25-61-A9-3B-57-DB-78-E8-F7-85-5D-BE-8C-07-5D-B0-8C-AA">
      <ModulePath>C:\Program Files\dotnet\shared\Microsoft.NETCore.App\3.1.3\System.Security.Cryptography.Encoding.dll</ModulePath>
      <ModuleTime>2020-02-28T20:04:40Z</ModuleTime>
      <ModuleName>System.Security.Cryptography.Encoding</ModuleName>
      <Classes />
    </Module>
    <Module skippedDueTo="Filter" hash="19-DB-E7-26-74-3E-B8-3C-B9-3E-89-49-9F-20-99-D9-CF-23-FD-17">
      <ModulePath>C:\Program Files\dotnet\shared\Microsoft.NETCore.App\3.1.3\System.Private.CoreLib.dll</ModulePath>
      <ModuleTime>2020-02-18T21:16:14Z</ModuleTime>
      <ModuleName>System.Private.CoreLib</ModuleName>
      <Classes />
    </Module>
    <Module skippedDueTo="MissingPdb" hash="76-87-37-3D-BD-CF-7C-E5-90-89-7B-D5-45-86-01-3E-47-72-1F-6D">
      <ModulePath>C:\Program Files\dotnet\sdk\3.1.201\MSBuild.dll</ModulePath>
      <ModuleTime>2020-03-18T16:43:48Z</ModuleTime>
      <ModuleName>MSBuild</ModuleName>
      <Classes />
    </Module>
    <Module skippedDueTo="Filter" hash="45-AE-FF-2D-9F-D9-14-AE-5E-58-BC-AD-59-3F-6B-E0-C7-F9-45-CA">
      <ModulePath>C:\Program Files\dotnet\shared\Microsoft.NETCore.App\3.1.3\System.Runtime.dll</ModulePath>
      <ModuleTime>2020-02-28T20:04:40Z</ModuleTime>
      <ModuleName>System.Runtime</ModuleName>
      <Classes />
    </Module>
    <Module skippedDueTo="Filter" hash="B8-01-4B-08-49-01-14-1F-52-C1-06-1B-E1-C4-DA-8C-8C-15-88-14">
      <ModulePath>C:\Program Files\dotnet\shared\Microsoft.NETCore.App\3.1.3\System.Runtime.Extensions.dll</ModulePath>
      <ModuleTime>2020-02-28T20:04:36Z</ModuleTime>
      <ModuleName>System.Runtime.Extensions</ModuleName>
      <Classes />
    </Module>
    <Module skippedDueTo="Filter" hash="9C-68-F9-D9-5D-09-7B-AC-36-D7-6D-25-3D-17-F3-72-E5-1A-87-F0">
      <ModulePath>C:\Program Files\dotnet\shared\Microsoft.NETCore.App\3.1.3\System.Threading.dll</ModulePath>
      <ModuleTime>2020-02-28T20:05:06Z</ModuleTime>
      <ModuleName>System.Threading</ModuleName>
      <Classes />
    </Module>
    <Module skippedDueTo="Filter" hash="23-F9-09-16-3B-71-58-F5-A7-35-CA-89-4D-75-0F-3D-D0-23-DC-EB">
      <ModulePath>C:\Program Files\dotnet\shared\Microsoft.NETCore.App\3.1.3\System.Threading.Tasks.dll</ModulePath>
      <ModuleTime>2020-02-28T20:05:28Z</ModuleTime>
      <ModuleName>System.Threading.Tasks</ModuleName>
      <Classes />
    </Module>
    <Module skippedDueTo="MissingPdb" hash="47-20-F1-42-9C-3C-11-60-EE-D5-38-37-4E-D7-48-C3-66-42-34-0F">
      <ModulePath>C:\Program Files\dotnet\sdk\3.1.201\Microsoft.Build.Framework.dll</ModulePath>
      <ModuleTime>2020-03-18T16:44:38Z</ModuleTime>
      <ModuleName>Microsoft.Build.Framework</ModuleName>
      <Classes />
    </Module>
    <Module skippedDueTo="MissingPdb" hash="08-0A-47-0B-10-27-7A-98-D6-A5-5B-EC-1C-35-91-93-AB-C0-35-65">
      <ModulePath>C:\Program Files\dotnet\shared\Microsoft.NETCore.App\3.1.3\netstandard.dll</ModulePath>
      <ModuleTime>2020-02-28T20:05:24Z</ModuleTime>
      <ModuleName>netstandard</ModuleName>
      <Classes />
    </Module>
    <Module skippedDueTo="Filter" hash="26-14-D7-B5-EB-43-C2-76-01-4F-01-5E-7B-A4-CE-E9-EB-E3-AA-B9">
      <ModulePath>C:\Program Files\dotnet\shared\Microsoft.NETCore.App\3.1.3\System.Runtime.InteropServices.RuntimeInformation.dll</ModulePath>
      <ModuleTime>2020-02-28T20:04:36Z</ModuleTime>
      <ModuleName>System.Runtime.InteropServices.RuntimeInformation</ModuleName>
      <Classes />
    </Module>
    <Module skippedDueTo="Filter" hash="4D-33-53-11-50-36-83-92-2B-29-8C-5A-FA-19-EF-5A-D4-AA-32-80">
      <ModulePath>C:\Program Files\dotnet\shared\Microsoft.NETCore.App\3.1.3\System.Diagnostics.Process.dll</ModulePath>
      <ModuleTime>2020-02-28T20:05:38Z</ModuleTime>
      <ModuleName>System.Diagnostics.Process</ModuleName>
      <Classes />
    </Module>
    <Module skippedDueTo="Filter" hash="E5-F8-08-77-40-69-F3-B4-39-9E-F4-4F-30-35-FF-75-AD-66-E9-C9">
      <ModulePath>C:\Program Files\dotnet\shared\Microsoft.NETCore.App\3.1.3\System.ComponentModel.Primitives.dll</ModulePath>
      <ModuleTime>2020-02-28T20:05:34Z</ModuleTime>
      <ModuleName>System.ComponentModel.Primitives</ModuleName>
      <Classes />
    </Module>
    <Module skippedDueTo="Filter" hash="33-87-51-E6-2F-8C-BE-1D-5B-B2-9E-51-10-1B-05-40-2C-E3-E8-1A">
      <ModulePath>C:\Program Files\dotnet\shared\Microsoft.NETCore.App\3.1.3\System.Linq.dll</ModulePath>
      <ModuleTime>2020-02-28T20:06:40Z</ModuleTime>
      <ModuleName>System.Linq</ModuleName>
      <Classes />
    </Module>
    <Module skippedDueTo="Filter" hash="9D-C0-19-0D-B9-0B-71-00-FA-44-3E-7A-92-13-79-FB-D2-34-4F-3D">
      <ModulePath>C:\Program Files\dotnet\shared\Microsoft.NETCore.App\3.1.3\System.Text.RegularExpressions.dll</ModulePath>
      <ModuleTime>2020-02-28T20:04:44Z</ModuleTime>
      <ModuleName>System.Text.RegularExpressions</ModuleName>
      <Classes />
    </Module>
    <Module skippedDueTo="Filter" hash="8B-E9-5A-2E-CC-DB-5C-E1-03-05-BA-E1-31-A9-9D-6F-18-10-50-AA">
      <ModulePath>C:\Program Files\dotnet\shared\Microsoft.NETCore.App\3.1.3\System.Collections.dll</ModulePath>
      <ModuleTime>2020-02-28T20:05:28Z</ModuleTime>
      <ModuleName>System.Collections</ModuleName>
      <Classes />
    </Module>
    <Module skippedDueTo="Filter" hash="AF-4F-3B-E9-D2-80-A0-2E-91-5B-AF-17-34-A9-F1-A6-32-C4-EC-4E">
      <ModulePath>C:\Program Files\dotnet\shared\Microsoft.NETCore.App\3.1.3\System.Memory.dll</ModulePath>
      <ModuleTime>2020-02-28T20:06:08Z</ModuleTime>
      <ModuleName>System.Memory</ModuleName>
      <Classes />
    </Module>
    <Module skippedDueTo="Filter" hash="CE-43-2B-40-C0-FF-2C-68-D3-CF-AF-49-07-37-DC-D7-AA-AB-17-F3">
      <ModulePath>C:\Program Files\dotnet\shared\Microsoft.NETCore.App\3.1.3\System.Buffers.dll</ModulePath>
      <ModuleTime>2020-02-28T20:05:26Z</ModuleTime>
      <ModuleName>System.Buffers</ModuleName>
      <Classes />
    </Module>
    <Module skippedDueTo="Filter" hash="A6-81-2A-5B-4A-3D-C8-4D-49-04-DE-1F-DF-02-7C-B4-43-51-DE-1C">
      <ModulePath>C:\Program Files\dotnet\shared\Microsoft.NETCore.App\3.1.3\System.IO.FileSystem.dll</ModulePath>
      <ModuleTime>2020-02-28T20:06:08Z</ModuleTime>
      <ModuleName>System.IO.FileSystem</ModuleName>
      <Classes />
    </Module>
    <Module skippedDueTo="Filter" hash="B9-08-B2-09-3C-61-2C-3E-62-03-05-65-93-6A-84-E5-2C-0D-A7-F4">
      <ModulePath>C:\Program Files\dotnet\shared\Microsoft.NETCore.App\3.1.3\System.Runtime.InteropServices.dll</ModulePath>
      <ModuleTime>2020-02-28T20:04:34Z</ModuleTime>
      <ModuleName>System.Runtime.InteropServices</ModuleName>
      <Classes />
    </Module>
    <Module skippedDueTo="Filter" hash="32-5D-5E-82-60-49-7F-5D-44-D4-1E-BF-57-95-6F-D8-30-A6-C2-E1">
      <ModulePath>C:\Program Files\dotnet\shared\Microsoft.NETCore.App\3.1.3\System.Console.dll</ModulePath>
      <ModuleTime>2020-02-28T20:05:30Z</ModuleTime>
      <ModuleName>System.Console</ModuleName>
      <Classes />
    </Module>
    <Module skippedDueTo="MissingPdb" hash="58-59-35-07-07-DE-52-C3-80-D9-CC-BF-5D-FA-04-DF-29-C6-52-ED">
      <ModulePath>C:\Program Files\dotnet\sdk\3.1.201\Microsoft.Build.dll</ModulePath>
      <ModuleTime>2020-03-18T16:44:40Z</ModuleTime>
      <ModuleName>Microsoft.Build</ModuleName>
      <Classes />
    </Module>
    <Module skippedDueTo="Filter" hash="D3-FC-01-5E-22-55-B9-FD-FB-0D-0E-A5-B8-58-05-D8-DC-D2-F5-24">
      <ModulePath>C:\Program Files\dotnet\shared\Microsoft.NETCore.App\3.1.3\System.Diagnostics.Tracing.dll</ModulePath>
      <ModuleTime>2020-02-28T20:05:36Z</ModuleTime>
      <ModuleName>System.Diagnostics.Tracing</ModuleName>
      <Classes />
    </Module>
    <Module skippedDueTo="Filter" hash="32-77-95-87-72-D8-6D-43-AA-DA-36-9B-86-D6-99-7F-41-0E-CF-A5">
      <ModulePath>C:\Program Files\dotnet\shared\Microsoft.NETCore.App\3.1.3\System.Diagnostics.Debug.dll</ModulePath>
      <ModuleTime>2020-02-28T20:06:08Z</ModuleTime>
      <ModuleName>System.Diagnostics.Debug</ModuleName>
      <Classes />
    </Module>
    <Module skippedDueTo="Filter" hash="BF-BC-9F-90-71-42-03-E3-AC-AA-D2-39-9E-84-5C-00-62-70-39-BA">
      <ModulePath>C:\Program Files\dotnet\shared\Microsoft.NETCore.App\3.1.3\System.Text.Encoding.CodePages.dll</ModulePath>
      <ModuleTime>2020-02-28T20:04:46Z</ModuleTime>
      <ModuleName>System.Text.Encoding.CodePages</ModuleName>
      <Classes />
    </Module>
    <Module skippedDueTo="Filter" hash="8F-A1-95-7C-65-A0-95-11-53-8D-DF-11-6D-3C-AD-5D-AE-2F-D3-73">
      <ModulePath>C:\Program Files\dotnet\shared\Microsoft.NETCore.App\3.1.3\System.Collections.Concurrent.dll</ModulePath>
      <ModuleTime>2020-02-28T20:05:24Z</ModuleTime>
      <ModuleName>System.Collections.Concurrent</ModuleName>
      <Classes />
    </Module>
    <Module skippedDueTo="Filter" hash="FE-01-7B-00-A1-9B-C4-BC-2A-13-7F-59-A4-6F-55-59-DD-49-B7-A0">
      <ModulePath>C:\Program Files\dotnet\shared\Microsoft.NETCore.App\3.1.3\System.IO.Pipes.dll</ModulePath>
      <ModuleTime>2020-02-28T20:06:04Z</ModuleTime>
      <ModuleName>System.IO.Pipes</ModuleName>
      <Classes />
    </Module>
    <Module skippedDueTo="Filter" hash="4E-96-5A-FC-C0-BE-6F-D4-A5-9C-B4-F8-33-D5-85-D1-B9-07-9F-89">
      <ModulePath>C:\Program Files\dotnet\shared\Microsoft.NETCore.App\3.1.3\System.Text.Encoding.Extensions.dll</ModulePath>
      <ModuleTime>2020-02-28T20:04:44Z</ModuleTime>
      <ModuleName>System.Text.Encoding.Extensions</ModuleName>
      <Classes />
    </Module>
    <Module skippedDueTo="Filter" hash="FC-03-66-B3-A4-0E-6D-59-00-DF-29-69-D0-2E-C0-08-26-E6-F1-B3">
      <ModulePath>C:\Program Files\dotnet\shared\Microsoft.NETCore.App\3.1.3\System.Security.AccessControl.dll</ModulePath>
      <ModuleTime>2020-02-28T20:04:40Z</ModuleTime>
      <ModuleName>System.Security.AccessControl</ModuleName>
      <Classes />
    </Module>
    <Module skippedDueTo="Filter" hash="2F-EF-10-A4-03-CD-85-F5-B3-28-04-C0-CA-59-04-4C-AE-A8-5D-D0">
      <ModulePath>C:\Program Files\dotnet\shared\Microsoft.NETCore.App\3.1.3\System.Security.Principal.Windows.dll</ModulePath>
      <ModuleTime>2020-02-28T20:04:42Z</ModuleTime>
      <ModuleName>System.Security.Principal.Windows</ModuleName>
      <Classes />
    </Module>
    <Module skippedDueTo="Filter" hash="79-03-C9-B3-67-3A-61-F7-6D-B6-CE-72-A2-3F-68-B5-87-C1-4B-60">
      <ModulePath>C:\Program Files\dotnet\shared\Microsoft.NETCore.App\3.1.3\System.Security.Claims.dll</ModulePath>
      <ModuleTime>2020-02-28T20:04:40Z</ModuleTime>
      <ModuleName>System.Security.Claims</ModuleName>
      <Classes />
    </Module>
    <Module skippedDueTo="Filter" hash="87-DE-C4-EB-AC-4B-76-40-4C-56-AB-F2-05-44-02-D8-77-58-26-00">
      <ModulePath>C:\Program Files\dotnet\shared\Microsoft.NETCore.App\3.1.3\System.Security.Principal.dll</ModulePath>
      <ModuleTime>2020-02-28T20:04:42Z</ModuleTime>
      <ModuleName>System.Security.Principal</ModuleName>
      <Classes />
    </Module>
    <Module skippedDueTo="Filter" hash="87-6E-54-67-71-53-FA-C9-68-88-0D-C1-82-45-BE-68-5A-25-55-32">
      <ModulePath>C:\Program Files\dotnet\shared\Microsoft.NETCore.App\3.1.3\System.Threading.Overlapped.dll</ModulePath>
      <ModuleTime>2020-02-28T20:04:44Z</ModuleTime>
      <ModuleName>System.Threading.Overlapped</ModuleName>
      <Classes />
    </Module>
    <Module skippedDueTo="Filter" hash="87-6E-54-67-71-53-FA-C9-68-88-0D-C1-82-45-BE-68-5A-25-55-32">
      <ModulePath>C:\Program Files\dotnet\shared\Microsoft.NETCore.App\3.1.3\System.Threading.Overlapped.dll</ModulePath>
      <ModuleTime>2020-02-28T20:04:44Z</ModuleTime>
      <ModuleName>System.Threading.Overlapped</ModuleName>
      <Classes />
    </Module>
    <Module skippedDueTo="Filter" hash="A3-6E-3F-5C-23-E9-CE-D4-59-A4-79-82-3A-A2-A6-D2-A6-37-0E-C2">
      <ModulePath>C:\Program Files\dotnet\shared\Microsoft.NETCore.App\3.1.3\System.Threading.Thread.dll</ModulePath>
      <ModuleTime>2020-02-28T20:04:24Z</ModuleTime>
      <ModuleName>System.Threading.Thread</ModuleName>
      <Classes />
    </Module>
    <Module skippedDueTo="Filter" hash="FC-03-66-B3-A4-0E-6D-59-00-DF-29-69-D0-2E-C0-08-26-E6-F1-B3">
      <ModulePath>C:\Program Files\dotnet\shared\Microsoft.NETCore.App\3.1.3\System.Security.AccessControl.dll</ModulePath>
      <ModuleTime>2020-02-28T20:04:40Z</ModuleTime>
      <ModuleName>System.Security.AccessControl</ModuleName>
      <Classes />
    </Module>
    <Module skippedDueTo="Filter" hash="2F-EF-10-A4-03-CD-85-F5-B3-28-04-C0-CA-59-04-4C-AE-A8-5D-D0">
      <ModulePath>C:\Program Files\dotnet\shared\Microsoft.NETCore.App\3.1.3\System.Security.Principal.Windows.dll</ModulePath>
      <ModuleTime>2020-02-28T20:04:42Z</ModuleTime>
      <ModuleName>System.Security.Principal.Windows</ModuleName>
      <Classes />
    </Module>
    <Module skippedDueTo="Filter" hash="79-03-C9-B3-67-3A-61-F7-6D-B6-CE-72-A2-3F-68-B5-87-C1-4B-60">
      <ModulePath>C:\Program Files\dotnet\shared\Microsoft.NETCore.App\3.1.3\System.Security.Claims.dll</ModulePath>
      <ModuleTime>2020-02-28T20:04:40Z</ModuleTime>
      <ModuleName>System.Security.Claims</ModuleName>
      <Classes />
    </Module>
    <Module skippedDueTo="Filter" hash="22-BD-0E-BF-F3-50-23-F4-33-69-45-CA-85-5A-41-AA-FF-98-13-6A">
      <ModulePath>C:\Program Files\dotnet\shared\Microsoft.NETCore.App\3.1.3\System.ObjectModel.dll</ModulePath>
      <ModuleTime>2020-02-28T20:04:24Z</ModuleTime>
      <ModuleName>System.ObjectModel</ModuleName>
      <Classes />
    </Module>
    <Module skippedDueTo="Filter" hash="BD-4A-A7-E3-52-A8-34-61-7F-29-11-AF-BF-90-FC-16-AD-AB-40-0B">
      <ModulePath>C:\Program Files\dotnet\shared\Microsoft.NETCore.App\3.1.3\System.Threading.Tasks.Dataflow.dll</ModulePath>
      <ModuleTime>2020-02-28T20:04:46Z</ModuleTime>
      <ModuleName>System.Threading.Tasks.Dataflow</ModuleName>
      <Classes />
    </Module>
    <Module skippedDueTo="Filter" hash="3D-ED-2E-29-0D-BD-86-B5-75-96-FF-B0-C8-9D-AD-4E-5B-94-58-57">
      <ModulePath>C:\Program Files\dotnet\shared\Microsoft.NETCore.App\3.1.3\System.Runtime.Loader.dll</ModulePath>
      <ModuleTime>2020-02-28T20:04:36Z</ModuleTime>
      <ModuleName>System.Runtime.Loader</ModuleName>
      <Classes />
    </Module>
    <Module skippedDueTo="MissingPdb" hash="5C-D3-E5-60-AC-A8-D6-45-77-6C-59-CA-FE-F1-49-32-B4-41-29-2D">
      <ModulePath>C:\Program Files\dotnet\sdk\3.1.201\dotnet.dll</ModulePath>
      <ModuleTime>2020-03-18T16:44:30Z</ModuleTime>
      <ModuleName>dotnet</ModuleName>
      <Classes />
    </Module>
    <Module skippedDueTo="Filter" hash="01-AB-1F-C1-0A-AD-1A-D5-69-41-9D-4B-4E-1C-6F-AC-59-05-9A-48">
      <ModulePath>C:\Program Files\dotnet\shared\Microsoft.NETCore.App\3.1.3\System.Collections.Immutable.dll</ModulePath>
      <ModuleTime>2020-02-28T20:05:24Z</ModuleTime>
      <ModuleName>System.Collections.Immutable</ModuleName>
      <Classes />
    </Module>
    <Module skippedDueTo="MissingPdb" hash="38-09-CE-F2-E5-95-B5-A8-49-DB-F2-B2-FC-2A-62-56-4F-D2-91-39">
      <ModulePath>C:\Program Files\dotnet\sdk\3.1.201\Microsoft.DotNet.Configurer.dll</ModulePath>
      <ModuleTime>2020-03-18T16:44:38Z</ModuleTime>
      <ModuleName>Microsoft.DotNet.Configurer</ModuleName>
      <Classes />
    </Module>
    <Module skippedDueTo="Filter" hash="57-E8-B3-F8-DB-88-F2-FB-81-BE-34-C3-AD-1E-D4-F0-DD-F0-59-D3">
      <ModulePath>C:\Program Files\dotnet\shared\Microsoft.NETCore.App\3.1.3\System.Resources.ResourceManager.dll</ModulePath>
      <ModuleTime>2020-02-28T20:04:32Z</ModuleTime>
      <ModuleName>System.Resources.ResourceManager</ModuleName>
      <Classes />
    </Module>
    <Module skippedDueTo="Filter" hash="2F-E1-13-B8-1E-10-AE-79-4A-CD-F8-AE-C1-F1-E8-22-10-2F-61-17">
      <ModulePath>C:\Program Files\dotnet\shared\Microsoft.NETCore.App\3.1.3\System.Xml.ReaderWriter.dll</ModulePath>
      <ModuleTime>2020-02-28T20:04:28Z</ModuleTime>
      <ModuleName>System.Xml.ReaderWriter</ModuleName>
      <Classes />
    </Module>
    <Module skippedDueTo="Filter" hash="1F-BD-6F-06-01-11-FA-A9-DB-0B-12-95-1E-A0-B6-62-C2-59-ED-05">
      <ModulePath>C:\Program Files\dotnet\shared\Microsoft.NETCore.App\3.1.3\System.Private.Xml.dll</ModulePath>
      <ModuleTime>2020-02-28T20:04:38Z</ModuleTime>
      <ModuleName>System.Private.Xml</ModuleName>
      <Classes />
    </Module>
    <Module skippedDueTo="Filter" hash="08-F9-21-BB-3C-07-A4-DA-5A-43-89-51-EB-E0-A4-B9-2F-19-F6-7D">
      <ModulePath>C:\Program Files\dotnet\shared\Microsoft.NETCore.App\3.1.3\System.Security.Cryptography.Algorithms.dll</ModulePath>
      <ModuleTime>2020-02-28T20:04:40Z</ModuleTime>
      <ModuleName>System.Security.Cryptography.Algorithms</ModuleName>
      <Classes />
    </Module>
    <Module skippedDueTo="Filter" hash="D5-0A-67-87-14-54-BA-3A-F2-2A-2A-B8-15-CE-D1-74-51-44-E5-FC">
      <ModulePath>C:\Program Files\dotnet\shared\Microsoft.NETCore.App\3.1.3\System.Private.Uri.dll</ModulePath>
      <ModuleTime>2020-02-28T20:04:26Z</ModuleTime>
      <ModuleName>System.Private.Uri</ModuleName>
      <Classes />
    </Module>
    <Module skippedDueTo="MissingPdb" hash="96-CF-CB-AB-4F-25-B8-44-23-16-25-EC-27-DB-10-94-9B-5F-78-77">
      <ModulePath>C:\Program Files\dotnet\shared\Microsoft.NETCore.App\3.1.3\Microsoft.Win32.Registry.dll</ModulePath>
      <ModuleTime>2020-02-28T20:05:28Z</ModuleTime>
      <ModuleName>Microsoft.Win32.Registry</ModuleName>
      <Classes />
    </Module>
    <Module skippedDueTo="Filter" hash="66-55-F3-9A-C4-53-63-95-5F-60-D2-19-0F-7E-3B-2B-85-46-FB-8D">
      <ModulePath>C:\Program Files\dotnet\shared\Microsoft.NETCore.App\3.1.3\System.Diagnostics.TraceSource.dll</ModulePath>
      <ModuleTime>2020-02-28T20:06:08Z</ModuleTime>
      <ModuleName>System.Diagnostics.TraceSource</ModuleName>
      <Classes />
    </Module>
    <Module skippedDueTo="Filter" hash="04-D0-77-B5-F7-72-0B-E6-E8-AA-8F-4B-A0-A0-C9-C0-4C-69-37-D9">
      <ModulePath>C:\Program Files\dotnet\shared\Microsoft.NETCore.App\3.1.3\System.Threading.Tasks.Parallel.dll</ModulePath>
      <ModuleTime>2020-02-28T20:05:28Z</ModuleTime>
      <ModuleName>System.Threading.Tasks.Parallel</ModuleName>
      <Classes />
    </Module>
    <Module skippedDueTo="MissingPdb" hash="7A-E6-CA-81-95-20-D1-FF-17-80-B7-2A-AB-83-B3-0A-F1-99-1E-2A">
      <ModulePath>C:\Program Files\dotnet\sdk\3.1.201\Microsoft.Build.Utilities.Core.dll</ModulePath>
      <ModuleTime>2020-03-18T16:44:42Z</ModuleTime>
      <ModuleName>Microsoft.Build.Utilities.Core</ModuleName>
      <Classes />
    </Module>
    <Module skippedDueTo="Filter" hash="B5-88-C5-06-06-46-BA-FC-55-0E-7A-44-AC-31-CD-F3-5B-DF-AE-0B">
      <ModulePath>C:\Program Files\dotnet\shared\Microsoft.NETCore.App\3.1.3\System.Reflection.Emit.ILGeneration.dll</ModulePath>
      <ModuleTime>2020-02-28T20:04:32Z</ModuleTime>
      <ModuleName>System.Reflection.Emit.ILGeneration</ModuleName>
      <Classes />
    </Module>
    <Module skippedDueTo="Filter" hash="EA-A3-EB-09-A2-39-8F-0D-B1-13-BA-6D-11-3A-EC-93-44-39-5A-D3">
      <ModulePath>C:\Program Files\dotnet\shared\Microsoft.NETCore.App\3.1.3\System.Reflection.Emit.Lightweight.dll</ModulePath>
      <ModuleTime>2020-02-28T20:04:32Z</ModuleTime>
      <ModuleName>System.Reflection.Emit.Lightweight</ModuleName>
      <Classes />
    </Module>
    <Module skippedDueTo="Filter" hash="C8-E8-31-5D-60-D0-B9-32-02-28-DE-17-96-8F-97-91-72-F8-BE-13">
      <ModulePath>C:\Program Files\dotnet\shared\Microsoft.NETCore.App\3.1.3\System.Reflection.Primitives.dll</ModulePath>
      <ModuleTime>2020-02-28T20:04:34Z</ModuleTime>
      <ModuleName>System.Reflection.Primitives</ModuleName>
      <Classes />
    </Module>
    <Module skippedDueTo="MissingPdb" hash="88-E7-E8-96-8F-48-99-50-8E-E1-DF-4C-0E-D5-D8-C5-0D-62-22-36">
      <ModulePath>C:\Program Files\dotnet\sdk\3.1.201\Microsoft.Build.Tasks.Core.dll</ModulePath>
      <ModuleTime>2020-03-18T16:44:38Z</ModuleTime>
      <ModuleName>Microsoft.Build.Tasks.Core</ModuleName>
      <Classes />
    </Module>
    <Module skippedDueTo="Filter" hash="FC-9A-A3-24-E8-48-FF-9E-1A-D8-C2-B3-54-1E-A8-DD-B2-E1-E3-96">
      <ModulePath>C:\Program Files\dotnet\shared\Microsoft.NETCore.App\3.1.3\System.Threading.ThreadPool.dll</ModulePath>
      <ModuleTime>2020-02-28T20:04:24Z</ModuleTime>
      <ModuleName>System.Threading.ThreadPool</ModuleName>
      <Classes />
    </Module>
    <Module skippedDueTo="Filter" hash="B6-58-2E-A2-A7-DF-F0-53-14-F6-45-D8-42-D5-5A-6B-69-F7-12-C9">
      <ModulePath>C:\Program Files\dotnet\shared\Microsoft.NETCore.App\3.1.3\System.Runtime.Serialization.Formatters.dll</ModulePath>
      <ModuleTime>2020-02-28T20:04:36Z</ModuleTime>
      <ModuleName>System.Runtime.Serialization.Formatters</ModuleName>
      <Classes />
    </Module>
    <Module skippedDueTo="Filter" hash="B6-58-2E-A2-A7-DF-F0-53-14-F6-45-D8-42-D5-5A-6B-69-F7-12-C9">
      <ModulePath>C:\Program Files\dotnet\shared\Microsoft.NETCore.App\3.1.3\System.Runtime.Serialization.Formatters.dll</ModulePath>
      <ModuleTime>2020-02-28T20:04:36Z</ModuleTime>
      <ModuleName>System.Runtime.Serialization.Formatters</ModuleName>
      <Classes />
    </Module>
    <Module skippedDueTo="MissingPdb" hash="17-32-2C-E5-EA-D1-3F-48-26-FC-68-8B-AF-F0-AD-51-5E-49-3A-18">
      <ModulePath>C:\Program Files\dotnet\sdk\3.1.201\Sdks\Microsoft.NET.Sdk\tools\netcoreapp2.1\Microsoft.NET.Build.Tasks.dll</ModulePath>
      <ModuleTime>2020-03-18T16:45:26Z</ModuleTime>
      <ModuleName>Microsoft.NET.Build.Tasks</ModuleName>
      <Classes />
    </Module>
    <Module skippedDueTo="MissingPdb" hash="17-32-2C-E5-EA-D1-3F-48-26-FC-68-8B-AF-F0-AD-51-5E-49-3A-18">
      <ModulePath>C:\Program Files\dotnet\sdk\3.1.201\Sdks\Microsoft.NET.Sdk\tools\netcoreapp2.1\Microsoft.NET.Build.Tasks.dll</ModulePath>
      <ModuleTime>2020-03-18T16:45:26Z</ModuleTime>
      <ModuleName>Microsoft.NET.Build.Tasks</ModuleName>
      <Classes />
    </Module>
    <Module skippedDueTo="MissingPdb" hash="43-64-EE-FB-2B-CB-04-44-D6-D5-68-E6-00-03-CA-34-D9-9A-35-C6">
      <ModulePath>C:\Program Files\dotnet\sdk\3.1.201\NuGet.Frameworks.dll</ModulePath>
      <ModuleTime>2020-03-18T16:45:24Z</ModuleTime>
      <ModuleName>NuGet.Frameworks</ModuleName>
      <Classes />
    </Module>
    <Module skippedDueTo="MissingPdb" hash="43-64-EE-FB-2B-CB-04-44-D6-D5-68-E6-00-03-CA-34-D9-9A-35-C6">
      <ModulePath>C:\Program Files\dotnet\sdk\3.1.201\NuGet.Frameworks.dll</ModulePath>
      <ModuleTime>2020-03-18T16:45:24Z</ModuleTime>
      <ModuleName>NuGet.Frameworks</ModuleName>
      <Classes />
    </Module>
    <Module skippedDueTo="MissingPdb" hash="18-71-46-94-36-55-BA-42-DC-70-B8-FB-CB-47-53-46-BC-07-97-6F">
      <ModulePath>C:\Program Files\dotnet\sdk\3.1.201\NuGet.Packaging.dll</ModulePath>
      <ModuleTime>2020-03-18T16:45:24Z</ModuleTime>
      <ModuleName>NuGet.Packaging</ModuleName>
      <Classes />
    </Module>
    <Module skippedDueTo="MissingPdb" hash="E4-51-7F-05-08-F3-02-02-27-8E-E8-21-7C-ED-F0-78-12-BA-03-DA">
      <ModulePath>C:\Program Files\dotnet\sdk\3.1.201\NuGet.Build.Tasks.dll</ModulePath>
      <ModuleTime>2020-03-18T16:45:22Z</ModuleTime>
      <ModuleName>NuGet.Build.Tasks</ModuleName>
      <Classes />
    </Module>
    <Module skippedDueTo="MissingPdb" hash="11-27-AE-76-EA-89-8D-78-90-4F-7C-8D-62-56-14-CD-EF-02-37-D9">
      <ModulePath>C:\Program Files\dotnet\sdk\3.1.201\NuGet.Common.dll</ModulePath>
      <ModuleTime>2020-03-18T16:45:24Z</ModuleTime>
      <ModuleName>NuGet.Common</ModuleName>
      <Classes />
    </Module>
    <Module skippedDueTo="MissingPdb" hash="9A-73-83-D7-DB-DD-27-CD-88-01-22-D7-EF-C7-FF-A7-B2-07-F7-3B">
      <ModulePath>C:\Program Files\dotnet\sdk\3.1.201\NuGet.Commands.dll</ModulePath>
      <ModuleTime>2020-03-18T16:45:24Z</ModuleTime>
      <ModuleName>NuGet.Commands</ModuleName>
      <Classes />
    </Module>
    <Module skippedDueTo="MissingPdb" hash="36-E8-16-54-B7-19-BD-A8-2A-38-DC-64-7B-B6-08-2C-AE-DF-59-4A">
      <ModulePath>C:\Program Files\dotnet\sdk\3.1.201\NuGet.ProjectModel.dll</ModulePath>
      <ModuleTime>2020-03-18T16:45:26Z</ModuleTime>
      <ModuleName>NuGet.ProjectModel</ModuleName>
      <Classes />
    </Module>
    <Module skippedDueTo="Filter" hash="5E-EA-96-C3-0B-C7-BF-BA-AE-4A-27-D8-9A-9A-67-A2-72-BF-89-1F">
      <ModulePath>C:\Program Files\dotnet\shared\Microsoft.NETCore.App\3.1.3\System.Collections.NonGeneric.dll</ModulePath>
      <ModuleTime>2020-02-28T20:05:32Z</ModuleTime>
      <ModuleName>System.Collections.NonGeneric</ModuleName>
      <Classes />
    </Module>
    <Module skippedDueTo="MissingPdb" hash="4E-A9-32-5A-D2-0F-84-D8-73-42-C7-0B-6A-3C-7B-C0-89-B7-20-01">
      <ModulePath>C:\Program Files\dotnet\shared\Microsoft.NETCore.App\3.1.3\Microsoft.Win32.Primitives.dll</ModulePath>
      <ModuleTime>2020-02-28T20:05:30Z</ModuleTime>
      <ModuleName>Microsoft.Win32.Primitives</ModuleName>
      <Classes />
    </Module>
    <Module skippedDueTo="MissingPdb" hash="3C-6B-ED-4B-FA-6C-10-19-4A-12-34-FC-E0-70-F3-70-7C-58-BD-82">
      <ModulePath>C:\Program Files\dotnet\sdk\3.1.201\Newtonsoft.Json.dll</ModulePath>
      <ModuleTime>2020-03-18T16:43:48Z</ModuleTime>
      <ModuleName>Newtonsoft.Json</ModuleName>
      <Classes />
    </Module>
    <Module skippedDueTo="Filter" hash="6F-CC-2C-76-AC-42-0E-1D-29-DC-BE-AB-E0-6D-A4-C2-9D-0C-27-23">
      <ModulePath>C:\Program Files\dotnet\shared\Microsoft.NETCore.App\3.1.3\System.Linq.Expressions.dll</ModulePath>
      <ModuleTime>2020-02-28T20:06:18Z</ModuleTime>
      <ModuleName>System.Linq.Expressions</ModuleName>
      <Classes />
    </Module>
    <Module skippedDueTo="MissingPdb" hash="F2-58-94-5C-AE-F2-A7-8A-8B-30-7C-11-FD-9F-26-D2-52-A0-20-73">
      <ModulePath>C:\Program Files\dotnet\sdk\3.1.201\NuGet.Configuration.dll</ModulePath>
      <ModuleTime>2020-03-18T16:45:24Z</ModuleTime>
      <ModuleName>NuGet.Configuration</ModuleName>
      <Classes />
    </Module>
    <Module skippedDueTo="Filter" hash="6D-0F-A0-D8-6E-D9-3D-12-46-84-DE-CC-44-CE-CF-2B-96-27-29-EA">
      <ModulePath>C:\Program Files\dotnet\shared\Microsoft.NETCore.App\3.1.3\System.ComponentModel.TypeConverter.dll</ModulePath>
      <ModuleTime>2020-02-28T20:05:32Z</ModuleTime>
      <ModuleName>System.ComponentModel.TypeConverter</ModuleName>
      <Classes />
    </Module>
    <Module skippedDueTo="Filter" hash="4B-5A-EC-05-10-C3-65-A3-7C-C5-D4-52-0E-41-A4-1F-73-88-F9-01">
      <ModulePath>C:\Program Files\dotnet\shared\Microsoft.NETCore.App\3.1.3\System.Xml.XDocument.dll</ModulePath>
      <ModuleTime>2020-02-28T20:04:28Z</ModuleTime>
      <ModuleName>System.Xml.XDocument</ModuleName>
      <Classes />
    </Module>
    <Module skippedDueTo="Filter" hash="68-1D-85-11-BD-EC-60-7F-F2-E8-83-FF-C6-D8-D9-CB-28-C8-8B-2A">
      <ModulePath>C:\Program Files\dotnet\shared\Microsoft.NETCore.App\3.1.3\System.Private.Xml.Linq.dll</ModulePath>
      <ModuleTime>2020-02-28T20:04:30Z</ModuleTime>
      <ModuleName>System.Private.Xml.Linq</ModuleName>
      <Classes />
    </Module>
    <Module skippedDueTo="Filter" hash="55-8E-C2-A5-09-4D-3F-8C-11-59-AB-41-D5-05-B5-7B-8D-3A-AA-6E">
      <ModulePath>C:\Program Files\dotnet\shared\Microsoft.NETCore.App\3.1.3\System.Security.Cryptography.Primitives.dll</ModulePath>
      <ModuleTime>2020-02-28T20:04:42Z</ModuleTime>
      <ModuleName>System.Security.Cryptography.Primitives</ModuleName>
      <Classes />
    </Module>
    <Module skippedDueTo="Filter" hash="6E-50-A1-2A-7E-70-B6-5C-B5-48-65-1E-90-FC-92-89-65-1A-F5-6F">
      <ModulePath>C:\Program Files\dotnet\shared\Microsoft.NETCore.App\3.1.3\System.Runtime.Numerics.dll</ModulePath>
      <ModuleTime>2020-02-28T20:04:36Z</ModuleTime>
      <ModuleName>System.Runtime.Numerics</ModuleName>
      <Classes />
    </Module>
    <Module skippedDueTo="MissingPdb" hash="F2-58-94-5C-AE-F2-A7-8A-8B-30-7C-11-FD-9F-26-D2-52-A0-20-73">
      <ModulePath>C:\Program Files\dotnet\sdk\3.1.201\NuGet.Configuration.dll</ModulePath>
      <ModuleTime>2020-03-18T16:45:24Z</ModuleTime>
      <ModuleName>NuGet.Configuration</ModuleName>
      <Classes />
    </Module>
    <Module skippedDueTo="MissingPdb" hash="81-0C-F3-3E-51-92-D0-E4-C7-7A-C4-D0-2E-C3-CC-6C-34-E6-D7-18">
      <ModulePath>C:\Program Files\dotnet\sdk\3.1.201\NuGet.Versioning.dll</ModulePath>
      <ModuleTime>2020-03-18T16:43:48Z</ModuleTime>
      <ModuleName>NuGet.Versioning</ModuleName>
      <Classes />
    </Module>
    <Module skippedDueTo="MissingPdb" hash="81-0C-F3-3E-51-92-D0-E4-C7-7A-C4-D0-2E-C3-CC-6C-34-E6-D7-18">
      <ModulePath>C:\Program Files\dotnet\sdk\3.1.201\NuGet.Versioning.dll</ModulePath>
      <ModuleTime>2020-03-18T16:43:48Z</ModuleTime>
      <ModuleName>NuGet.Versioning</ModuleName>
      <Classes />
    </Module>
    <Module skippedDueTo="MissingPdb" hash="43-64-EE-FB-2B-CB-04-44-D6-D5-68-E6-00-03-CA-34-D9-9A-35-C6">
      <ModulePath>C:\Program Files\dotnet\sdk\3.1.201\NuGet.Frameworks.dll</ModulePath>
      <ModuleTime>2020-03-18T16:45:24Z</ModuleTime>
      <ModuleName>NuGet.Frameworks</ModuleName>
      <Classes />
[...]
            </Method>
            <Method visited="true" cyclomaticComplexity="1" nPathComplexity="0" sequenceCoverage="100" branchCoverage="100" crapScore="1" isConstructor="true" isStatic="false" isGetter="false" isSetter="false">
              <Summary numSequencePoints="2" visitedSequencePoints="2" numBranchPoints="1" visitedBranchPoints="1" sequenceCoverage="100" branchCoverage="100" maxCyclomaticComplexity="1" minCyclomaticComplexity="1" maxCrapScore="1" minCrapScore="1" visitedClasses="0" numClasses="0" visitedMethods="1" numMethods="1" />
              <MetadataToken>100663298</MetadataToken>
              <Name>System.Void Music.Library.Application.UseCases.Search.GetSearchRequest::.ctor(System.String,System.Int32,System.Int32)</Name>
              <FileRef uid="101" />
              <SequencePoints>
                <SequencePoint vc="3" uspid="537" ordinal="0" offset="0" sl="9" sc="15" el="9" ec="41" bec="0" bev="0" fileid="101" />
                <SequencePoint vc="3" uspid="538" ordinal="1" offset="9" sl="9" sc="45" el="9" ec="58" bec="0" bev="0" fileid="101" />
              </SequencePoints>
              <BranchPoints />
              <MethodPoint xsi:type="SequencePoint" vc="3" uspid="537" ordinal="0" offset="0" sl="9" sc="15" el="9" ec="41" bec="0" bev="0" fileid="101" />
            </Method>
          </Methods>
        </Class>
        <Class>
          <Summary numSequencePoints="2" visitedSequencePoints="2" numBranchPoints="1" visitedBranchPoints="1" sequenceCoverage="100" branchCoverage="100" maxCyclomaticComplexity="1" minCyclomaticComplexity="1" maxCrapScore="2" minCrapScore="1" visitedClasses="1" numClasses="1" visitedMethods="1" numMethods="1" />
          <FullName>Music.Library.Application.UseCases.Search.GetSearchRequestHandler</FullName>
          <Methods>
            <Method visited="true" cyclomaticComplexity="1" nPathComplexity="0" sequenceCoverage="100" branchCoverage="100" crapScore="1" isConstructor="true" isStatic="false" isGetter="false" isSetter="false">
              <Summary numSequencePoints="2" visitedSequencePoints="2" numBranchPoints="1" visitedBranchPoints="1" sequenceCoverage="100" branchCoverage="100" maxCyclomaticComplexity="1" minCyclomaticComplexity="1" maxCrapScore="1" minCrapScore="1" visitedClasses="0" numClasses="0" visitedMethods="1" numMethods="1" />
              <MetadataToken>100663300</MetadataToken>
              <Name>System.Void Music.Library.Application.UseCases.Search.GetSearchRequestHandler::.ctor(Music.Library.Core.Services.Repositories.ISearchRepository)</Name>
              <FileRef uid="102" />
              <SequencePoints>
                <SequencePoint vc="3" uspid="539" ordinal="0" offset="0" sl="12" sc="9" el="12" ec="75" bec="0" bev="0" fileid="102" />
                <SequencePoint vc="3" uspid="540" ordinal="1" offset="7" sl="12" sc="79" el="12" ec="115" bec="0" bev="0" fileid="102" />
              </SequencePoints>
              <BranchPoints />
              <MethodPoint xsi:type="SequencePoint" vc="3" uspid="539" ordinal="0" offset="0" sl="12" sc="9" el="12" ec="75" bec="0" bev="0" fileid="102" />
            </Method>
            <Method visited="false" cyclomaticComplexity="1" nPathComplexity="0" sequenceCoverage="0" branchCoverage="0" crapScore="2" isConstructor="false" isStatic="false" isGetter="false" isSetter="false">
              <Summary numSequencePoints="0" visitedSequencePoints="0" numBranchPoints="0" visitedBranchPoints="0" sequenceCoverage="0" branchCoverage="0" maxCyclomaticComplexity="1" minCyclomaticComplexity="1" maxCrapScore="2" minCrapScore="2" visitedClasses="0" numClasses="0" visitedMethods="0" numMethods="0" />
              <MetadataToken>100663301</MetadataToken>
              <Name>System.Threading.Tasks.Task`1&lt;Music.Library.Core.Entities.SearchPackage&gt; Music.Library.Application.UseCases.Search.GetSearchRequestHandler::Handle(Music.Library.Application.UseCases.Search.GetSearchRequest,System.Threading.CancellationToken)</Name>
              <SequencePoints />
              <BranchPoints />
              <MethodPoint vc="0" uspid="541" ordinal="0" offset="0" />
            </Method>
          </Methods>
        </Class>
        <Class>
          <Summary numSequencePoints="1" visitedSequencePoints="1" numBranchPoints="3" visitedBranchPoints="2" sequenceCoverage="100" branchCoverage="66.67" maxCyclomaticComplexity="3" minCyclomaticComplexity="1" maxCrapScore="3" minCrapScore="2" visitedClasses="1" numClasses="1" visitedMethods="1" numMethods="1" />
          <FullName>Music.Library.Application.UseCases.Search.GetSearchRequestHandler/&lt;Handle&gt;d__2</FullName>
          <Methods>
            <Method visited="false" cyclomaticComplexity="1" nPathComplexity="0" sequenceCoverage="0" branchCoverage="0" crapScore="2" isConstructor="true" isStatic="false" isGetter="false" isSetter="false">
              <Summary numSequencePoints="0" visitedSequencePoints="0" numBranchPoints="0" visitedBranchPoints="0" sequenceCoverage="0" branchCoverage="0" maxCyclomaticComplexity="1" minCyclomaticComplexity="1" maxCrapScore="2" minCrapScore="2" visitedClasses="0" numClasses="0" visitedMethods="0" numMethods="0" />
              <MetadataToken>100663305</MetadataToken>
              <Name>System.Void Music.Library.Application.UseCases.Search.GetSearchRequestHandler/&lt;Handle&gt;d__2::.ctor()</Name>
              <SequencePoints />
              <BranchPoints />
              <MethodPoint vc="0" uspid="542" ordinal="0" offset="0" />
            </Method>
            <Method visited="true" cyclomaticComplexity="3" nPathComplexity="2" sequenceCoverage="100" branchCoverage="66.67" crapScore="3" isConstructor="false" isStatic="false" isGetter="false" isSetter="false">
              <Summary numSequencePoints="1" visitedSequencePoints="1" numBranchPoints="3" visitedBranchPoints="2" sequenceCoverage="100" branchCoverage="66.67" maxCyclomaticComplexity="3" minCyclomaticComplexity="3" maxCrapScore="3" minCrapScore="3" visitedClasses="0" numClasses="0" visitedMethods="1" numMethods="1" />
              <MetadataToken>100663306</MetadataToken>
              <Name>System.Void Music.Library.Application.UseCases.Search.GetSearchRequestHandler/&lt;Handle&gt;d__2::MoveNext()</Name>
              <FileRef uid="102" />
              <SequencePoints>
                <SequencePoint vc="3" uspid="543" ordinal="0" offset="14" sl="15" sc="13" el="16" ec="35" bec="2" bev="1" fileid="102" />
              </SequencePoints>
              <BranchPoints>
                <BranchPoint vc="0" uspid="544" ordinal="0" offset="91" sl="15" path="0" offsetend="93" fileid="102" />
                <BranchPoint vc="3" uspid="545" ordinal="1" offset="91" sl="15" path="1" offsetend="158" fileid="102" />
              </BranchPoints>
              <MethodPoint vc="3" uspid="546" ordinal="0" offset="0" />
            </Method>
            <Method visited="false" cyclomaticComplexity="1" nPathComplexity="0" sequenceCoverage="0" branchCoverage="0" crapScore="2" isConstructor="false" isStatic="false" isGetter="false" isSetter="false">
              <Summary numSequencePoints="0" visitedSequencePoints="0" numBranchPoints="0" visitedBranchPoints="0" sequenceCoverage="0" branchCoverage="0" maxCyclomaticComplexity="1" minCyclomaticComplexity="1" maxCrapScore="2" minCrapScore="2" visitedClasses="0" numClasses="0" visitedMethods="0" numMethods="0" />
              <MetadataToken>100663307</MetadataToken>
              <Name>System.Void Music.Library.Application.UseCases.Search.GetSearchRequestHandler/&lt;Handle&gt;d__2::SetStateMachine(System.Runtime.CompilerServices.IAsyncStateMachine)</Name>
              <SequencePoints />
              <BranchPoints />
              <MethodPoint vc="0" uspid="547" ordinal="0" offset="0" />
            </Method>
          </Methods>
        </Class>
        <Class>
          <Summary numSequencePoints="0" visitedSequencePoints="0" numBranchPoints="0" visitedBranchPoints="0" sequenceCoverage="0" branchCoverage="0" maxCyclomaticComplexity="1" minCyclomaticComplexity="1" maxCrapScore="2" minCrapScore="2" visitedClasses="0" numClasses="0" visitedMethods="0" numMethods="0" />
          <FullName>Music.Library.Application.UseCases.DashBoard.GetDashBoardRequest</FullName>
          <Methods>
            <Method visited="false" cyclomaticComplexity="1" nPathComplexity="0" sequenceCoverage="0" branchCoverage="0" crapScore="2" isConstructor="true" isStatic="false" isGetter="false" isSetter="false">
              <Summary numSequencePoints="0" visitedSequencePoints="0" numBranchPoints="0" visitedBranchPoints="0" sequenceCoverage="0" branchCoverage="0" maxCyclomaticComplexity="1" minCyclomaticComplexity="1" maxCrapScore="2" minCrapScore="2" visitedClasses="0" numClasses="0" visitedMethods="0" numMethods="0" />
              <MetadataToken>100663302</MetadataToken>
              <Name>System.Void Music.Library.Application.UseCases.DashBoard.GetDashBoardRequest::.ctor()</Name>
              <SequencePoints />
              <BranchPoints />
              <MethodPoint vc="0" uspid="548" ordinal="0" offset="0" />
            </Method>
          </Methods>
        </Class>
        <Class>
          <Summary numSequencePoints="2" visitedSequencePoints="2" numBranchPoints="1" visitedBranchPoints="1" sequenceCoverage="100" branchCoverage="100" maxCyclomaticComplexity="1" minCyclomaticComplexity="1" maxCrapScore="2" minCrapScore="1" visitedClasses="1" numClasses="1" visitedMethods="1" numMethods="1" />
          <FullName>Music.Library.Application.UseCases.DashBoard.GetDashBoardRequestHandler</FullName>
          <Methods>
            <Method visited="true" cyclomaticComplexity="1" nPathComplexity="0" sequenceCoverage="100" branchCoverage="100" crapScore="1" isConstructor="true" isStatic="false" isGetter="false" isSetter="false">
              <Summary numSequencePoints="2" visitedSequencePoints="2" numBranchPoints="1" visitedBranchPoints="1" sequenceCoverage="100" branchCoverage="100" maxCyclomaticComplexity="1" minCyclomaticComplexity="1" maxCrapScore="1" minCrapScore="1" visitedClasses="0" numClasses="0" visitedMethods="1" numMethods="1" />
              <MetadataToken>100663303</MetadataToken>
              <Name>System.Void Music.Library.Application.UseCases.DashBoard.GetDashBoardRequestHandler::.ctor(Music.Library.Core.Services.Repositories.IDashBoardRepository)</Name>
              <FileRef uid="104" />
              <SequencePoints>
                <SequencePoint vc="3" uspid="549" ordinal="0" offset="0" sl="12" sc="9" el="12" ec="75" bec="0" bev="0" fileid="104" />
                <SequencePoint vc="3" uspid="550" ordinal="1" offset="7" sl="12" sc="79" el="12" ec="103" bec="0" bev="0" fileid="104" />
              </SequencePoints>
              <BranchPoints />
              <MethodPoint xsi:type="SequencePoint" vc="3" uspid="549" ordinal="0" offset="0" sl="12" sc="9" el="12" ec="75" bec="0" bev="0" fileid="104" />
            </Method>
            <Method visited="false" cyclomaticComplexity="1" nPathComplexity="0" sequenceCoverage="0" branchCoverage="0" crapScore="2" isConstructor="false" isStatic="false" isGetter="false" isSetter="false">
              <Summary numSequencePoints="0" visitedSequencePoints="0" numBranchPoints="0" visitedBranchPoints="0" sequenceCoverage="0" branchCoverage="0" maxCyclomaticComplexity="1" minCyclomaticComplexity="1" maxCrapScore="2" minCrapScore="2" visitedClasses="0" numClasses="0" visitedMethods="0" numMethods="0" />
              <MetadataToken>100663304</MetadataToken>
              <Name>System.Threading.Tasks.Task`1&lt;Music.Library.Core.Entities.DashBoardPackage&gt; Music.Library.Application.UseCases.DashBoard.GetDashBoardRequestHandler::Handle(Music.Library.Application.UseCases.DashBoard.GetDashBoardRequest,System.Threading.CancellationToken)</Name>
              <SequencePoints />
              <BranchPoints />
              <MethodPoint vc="0" uspid="551" ordinal="0" offset="0" />
            </Method>
          </Methods>
        </Class>
        <Class>
          <Summary numSequencePoints="1" visitedSequencePoints="1" numBranchPoints="3" visitedBranchPoints="2" sequenceCoverage="100" branchCoverage="66.67" maxCyclomaticComplexity="3" minCyclomaticComplexity="1" maxCrapScore="3" minCrapScore="2" visitedClasses="1" numClasses="1" visitedMethods="1" numMethods="1" />
          <FullName>Music.Library.Application.UseCases.DashBoard.GetDashBoardRequestHandler/&lt;Handle&gt;d__2</FullName>
          <Methods>
            <Method visited="false" cyclomaticComplexity="1" nPathComplexity="0" sequenceCoverage="0" branchCoverage="0" crapScore="2" isConstructor="true" isStatic="false" isGetter="false" isSetter="false">
              <Summary numSequencePoints="0" visitedSequencePoints="0" numBranchPoints="0" visitedBranchPoints="0" sequenceCoverage="0" branchCoverage="0" maxCyclomaticComplexity="1" minCyclomaticComplexity="1" maxCrapScore="2" minCrapScore="2" visitedClasses="0" numClasses="0" visitedMethods="0" numMethods="0" />
              <MetadataToken>100663308</MetadataToken>
              <Name>System.Void Music.Library.Application.UseCases.DashBoard.GetDashBoardRequestHandler/&lt;Handle&gt;d__2::.ctor()</Name>
              <SequencePoints />
              <BranchPoints />
              <MethodPoint vc="0" uspid="552" ordinal="0" offset="0" />
            </Method>
            <Method visited="true" cyclomaticComplexity="3" nPathComplexity="2" sequenceCoverage="100" branchCoverage="66.67" crapScore="3" isConstructor="false" isStatic="false" isGetter="false" isSetter="false">
              <Summary numSequencePoints="1" visitedSequencePoints="1" numBranchPoints="3" visitedBranchPoints="2" sequenceCoverage="100" branchCoverage="66.67" maxCyclomaticComplexity="3" minCyclomaticComplexity="3" maxCrapScore="3" minCrapScore="3" visitedClasses="0" numClasses="0" visitedMethods="1" numMethods="1" />
              <MetadataToken>100663309</MetadataToken>
              <Name>System.Void Music.Library.Application.UseCases.DashBoard.GetDashBoardRequestHandler/&lt;Handle&gt;d__2::MoveNext()</Name>
              <FileRef uid="104" />
              <SequencePoints>
                <SequencePoint vc="3" uspid="553" ordinal="0" offset="14" sl="15" sc="13" el="15" ec="89" bec="2" bev="1" fileid="104" />
              </SequencePoints>
              <BranchPoints>
                <BranchPoint vc="0" uspid="554" ordinal="0" offset="58" sl="15" path="0" offsetend="60" fileid="104" />
                <BranchPoint vc="3" uspid="555" ordinal="1" offset="58" sl="15" path="1" offsetend="125" fileid="104" />
              </BranchPoints>
              <MethodPoint vc="3" uspid="556" ordinal="0" offset="0" />
            </Method>
            <Method visited="false" cyclomaticComplexity="1" nPathComplexity="0" sequenceCoverage="0" branchCoverage="0" crapScore="2" isConstructor="false" isStatic="false" isGetter="false" isSetter="false">
              <Summary numSequencePoints="0" visitedSequencePoints="0" numBranchPoints="0" visitedBranchPoints="0" sequenceCoverage="0" branchCoverage="0" maxCyclomaticComplexity="1" minCyclomaticComplexity="1" maxCrapScore="2" minCrapScore="2" visitedClasses="0" numClasses="0" visitedMethods="0" numMethods="0" />
              <MetadataToken>100663310</MetadataToken>
              <Name>System.Void Music.Library.Application.UseCases.DashBoard.GetDashBoardRequestHandler/&lt;Handle&gt;d__2::SetStateMachine(System.Runtime.CompilerServices.IAsyncStateMachine)</Name>
              <SequencePoints />
              <BranchPoints />
              <MethodPoint vc="0" uspid="557" ordinal="0" offset="0" />
            </Method>
          </Methods>
        </Class>
      </Classes>
    </Module>
    <Module skippedDueTo="MissingPdb" hash="B8-B3-3A-C1-CA-FC-02-18-24-B4-D3-0B-7A-4E-53-C9-33-A4-2B-86">
      <ModulePath>C:\workspace\repos\music.library\src\Music.Library.Application.Tests\bin\Debug\netcoreapp3.1\MediatR.dll</ModulePath>
      <ModuleTime>2020-02-27T16:43:02Z</ModuleTime>
      <ModuleName>MediatR</ModuleName>
      <Classes />
    </Module>
    <Module skippedDueTo="Filter" hash="B0-8B-0C-7B-3C-4C-63-EF-3E-9B-97-79-1D-56-1F-1E-06-B2-17-E4">
      <ModulePath>C:\Program Files\dotnet\shared\Microsoft.NETCore.App\3.1.3\System.Threading.Tasks.Extensions.dll</ModulePath>
      <ModuleTime>2020-02-28T20:04:44Z</ModuleTime>
      <ModuleName>System.Threading.Tasks.Extensions</ModuleName>
      <Classes />
    </Module>
    <Module skippedDueTo="MissingPdb" hash="1B-C8-5E-15-86-C8-33-45-A1-6A-73-C1-FC-AD-DF-63-1C-24-B8-23">
      <ModulePath>C:\workspace\repos\music.library\src\Music.Library.Application.Tests\bin\Debug\netcoreapp3.1\Castle.Core.dll</ModulePath>
      <ModuleTime>2019-04-05T00:50:28Z</ModuleTime>
      <ModuleName>Castle.Core</ModuleName>
      <Classes />
    </Module>
    <Module skippedDueTo="Filter" hash="E0-6B-EE-86-E7-82-23-14-82-EE-D7-4A-10-A8-96-28-12-74-CE-E2">
      <ModulePath>C:\Program Files\dotnet\shared\Microsoft.NETCore.App\3.1.3\System.Reflection.TypeExtensions.dll</ModulePath>
      <ModuleTime>2020-02-28T20:04:32Z</ModuleTime>
      <ModuleName>System.Reflection.TypeExtensions</ModuleName>
      <Classes />
    </Module>
    <Module skippedDueTo="Filter" hash="06-80-9E-D1-73-4C-C3-26-E9-10-FB-BA-48-03-C8-00-F3-CE-AD-3F">
      <ModulePath>C:\Program Files\dotnet\shared\Microsoft.NETCore.App\3.1.3\System.Reflection.Emit.dll</ModulePath>
      <ModuleTime>2020-02-28T20:04:30Z</ModuleTime>
      <ModuleName>System.Reflection.Emit</ModuleName>
      <Classes />
    </Module>
    <Module skippedDueTo="MissingPdb" hash="">
      <ModulePath>RefEmit_InMemoryManifestModule</ModulePath>
      <ModuleTime>0001-01-01T00:00:00</ModuleTime>
      <ModuleName>DynamicProxyGenAssembly2</ModuleName>
      <Classes />
    </Module>
    <Module skippedDueTo="Filter" hash="55-8E-C2-A5-09-4D-3F-8C-11-59-AB-41-D5-05-B5-7B-8D-3A-AA-6E">
      <ModulePath>C:\Program Files\dotnet\shared\Microsoft.NETCore.App\3.1.3\System.Security.Cryptography.Primitives.dll</ModulePath>
      <ModuleTime>2020-02-28T20:04:42Z</ModuleTime>
      <ModuleName>System.Security.Cryptography.Primitives</ModuleName>
      <Classes />
    </Module>
    <Module skippedDueTo="Filter" hash="B9-95-A2-BC-78-01-98-B4-97-56-D9-B4-58-4E-78-C7-41-8F-75-5B">
      <ModulePath>C:\Program Files\dotnet\shared\Microsoft.NETCore.App\3.1.3\System.Runtime.Serialization.Json.dll</ModulePath>
      <ModuleTime>2020-02-28T20:04:38Z</ModuleTime>
      <ModuleName>System.Runtime.Serialization.Json</ModuleName>
      <Classes />
    </Module>
    <Module skippedDueTo="Filter" hash="7E-DD-DC-46-40-25-E9-B1-FC-22-50-F3-B9-CC-4D-67-E6-0F-C5-93">
      <ModulePath>C:\Program Files\dotnet\shared\Microsoft.NETCore.App\3.1.3\System.Private.DataContractSerialization.dll</ModulePath>
      <ModuleTime>2020-02-28T20:04:28Z</ModuleTime>
      <ModuleName>System.Private.DataContractSerialization</ModuleName>
      <Classes />
    </Module>
    <Module skippedDueTo="Filter" hash="E6-3B-1C-4D-DE-4E-C1-E9-4D-D8-1A-52-C2-BC-2B-C9-A5-80-2D-8C">
      <ModulePath>C:\Program Files\dotnet\shared\Microsoft.NETCore.App\3.1.3\System.Runtime.Serialization.Xml.dll</ModulePath>
      <ModuleTime>2020-02-28T20:04:38Z</ModuleTime>
      <ModuleName>System.Runtime.Serialization.Xml</ModuleName>
      <Classes />
    </Module>
    <Module skippedDueTo="Filter" hash="9D-C0-19-0D-B9-0B-71-00-FA-44-3E-7A-92-13-79-FB-D2-34-4F-3D">
      <ModulePath>C:\Program Files\dotnet\shared\Microsoft.NETCore.App\3.1.3\System.Text.RegularExpressions.dll</ModulePath>
      <ModuleTime>2020-02-28T20:04:44Z</ModuleTime>
      <ModuleName>System.Text.RegularExpressions</ModuleName>
      <Classes />
    </Module>
  </Modules>
</CoverageSession>